#
# There is insufficient memory for the Java Runtime Environment to continue.
# Native memory allocation (malloc) failed to allocate 35984 bytes for Chunk::new
# Possible reasons:
#   The system is out of physical RAM or swap space
#   The process is running with CompressedOops enabled, and the Java Heap may be blocking the growth of the native heap
# Possible solutions:
#   Reduce memory load on the system
#   Increase physical memory or swap space
#   Check if swap backing store is full
#   Decrease Java heap size (-Xmx/-Xms)
#   Decrease number of Java threads
#   Decrease Java thread stack sizes (-Xss)
#   Set larger code cache with -XX:ReservedCodeCacheSize=
#   JVM is running with Zero Based Compressed Oops mode in which the Java heap is
#     placed in the first 32GB address space. The Java Heap base address is the
#     maximum limit for the native heap growth. Please use -XX:HeapBaseMinAddress
#     to set the Java Heap base and to place the Java Heap above 32GB virtual address.
# This output file may be truncated or incomplete.
#
#  Out of Memory Error (arena.cpp:168), pid=25760, tid=19400
#
# JRE version: Java(TM) SE Runtime Environment (21.0.1+12) (build 21.0.1+12-LTS-29)
# Java VM: Java HotSpot(TM) 64-Bit Server VM (21.0.1+12-LTS-29, mixed mode, emulated-client, tiered, compressed oops, compressed class ptrs, g1 gc, windows-amd64)
# No core dump will be written. Minidumps are not enabled by default on client versions of Windows
#

---------------  S U M M A R Y ------------

Command Line: -XX:TieredStopAtLevel=1 -Dspring.output.ansi.enabled=always -Dcom.sun.management.jmxremote -Dspring.jmx.enabled=true -Dspring.liveBeansView.mbeanDomain -Dspring.application.admin.enabled=true -Dmanagement.endpoints.jmx.exposure.include=* -javaagent:D:\Softwares\Intellij Idea\Intellij_Idea\ideaIU-2023.2.5\lib\idea_rt.jar=51685:D:\Softwares\Intellij Idea\Intellij_Idea\ideaIU-2023.2.5\bin -Dfile.encoding=UTF-8 -Dsun.stdout.encoding=UTF-8 -Dsun.stderr.encoding=UTF-8 org.dailycodebuffer.codebufferspringbootmongodb.CodeBufferSpringBootMongoDbApplication

Host: 12th Gen Intel(R) Core(TM) i7-12700H, 20 cores, 31G,  Windows 11 , 64 bit Build 22621 (10.0.22621.2506)
Time: Mon Jan  8 18:22:33 2024 India Standard Time elapsed time: 0.127408 seconds (0d 0h 0m 0s)

---------------  T H R E A D  ---------------

Current thread (0x000001a98dae1c10):  JavaThread "main"             [_thread_in_vm, id=19400, stack(0x0000005efa100000,0x0000005efa200000) (1024K)]

Stack: [0x0000005efa100000,0x0000005efa200000]
Native frames: (J=compiled Java code, j=interpreted, Vv=VM code, C=native code)
V  [jvm.dll+0x6c9029]
V  [jvm.dll+0x854b81]
V  [jvm.dll+0x856e5e]
V  [jvm.dll+0x857543]
V  [jvm.dll+0x280c06]
V  [jvm.dll+0xc3ead]
V  [jvm.dll+0xc43c3]
V  [jvm.dll+0x220605]
V  [jvm.dll+0x21f546]
V  [jvm.dll+0x7ccde1]
V  [jvm.dll+0x7cde45]
V  [jvm.dll+0x7ce3ef]
V  [jvm.dll+0x7ce098]
V  [jvm.dll+0x26ebdb]
V  [jvm.dll+0x3d36fe]
C  0x000001a998248cf4

The last pc belongs to new (printed below).
Java frames: (J=compiled Java code, j=interpreted, Vv=VM code)
j  jdk.internal.org.objectweb.asm.ClassWriter.visitMethod(ILjava/lang/String;Ljava/lang/String;Ljava/lang/String;[Ljava/lang/String;)Ljdk/internal/org/objectweb/asm/MethodVisitor;+0 java.base@21.0.1
j  java.lang.invoke.InvokerBytecodeGenerator.methodPrologue()V+22 java.base@21.0.1
j  java.lang.invoke.InvokerBytecodeGenerator.addMethod()V+1 java.base@21.0.1
j  java.lang.invoke.InvokerBytecodeGenerator.generateCustomizedCodeBytes()[B+6 java.base@21.0.1
j  java.lang.invoke.InvokerBytecodeGenerator.generateCustomizedCode(Ljava/lang/invoke/LambdaForm;Ljava/lang/invoke/MethodType;)Ljava/lang/invoke/MemberName;+27 java.base@21.0.1
j  java.lang.invoke.LambdaForm.compileToBytecode()V+69 java.base@21.0.1
j  java.lang.invoke.LambdaForm.prepare()V+21 java.base@21.0.1
j  java.lang.invoke.MethodHandle.<init>(Ljava/lang/invoke/MethodType;Ljava/lang/invoke/LambdaForm;)V+33 java.base@21.0.1
j  java.lang.invoke.BoundMethodHandle.<init>(Ljava/lang/invoke/MethodType;Ljava/lang/invoke/LambdaForm;)V+3 java.base@21.0.1
j  java.lang.invoke.BoundMethodHandle$Species_L.<init>(Ljava/lang/invoke/MethodType;Ljava/lang/invoke/LambdaForm;Ljava/lang/Object;)V+3 java.base@21.0.1
j  java.lang.invoke.BoundMethodHandle$Species_L.copyWith(Ljava/lang/invoke/MethodType;Ljava/lang/invoke/LambdaForm;)Ljava/lang/invoke/BoundMethodHandle;+10 java.base@21.0.1
j  java.lang.invoke.MethodHandles.dropArgumentsTrusted(Ljava/lang/invoke/MethodHandle;I[Ljava/lang/Class;)Ljava/lang/invoke/MethodHandle;+103 java.base@21.0.1
j  java.lang.invoke.MethodHandles.dropArguments(Ljava/lang/invoke/MethodHandle;I[Ljava/lang/Class;)Ljava/lang/invoke/MethodHandle;+9 java.base@21.0.1
j  jdk.internal.reflect.MethodHandleAccessorFactory.makeSpecializedTarget(Ljava/lang/invoke/MethodHandle;ZZ)Ljava/lang/invoke/MethodHandle;+86 java.base@21.0.1
j  jdk.internal.reflect.MethodHandleAccessorFactory.getDirectMethod(Ljava/lang/reflect/Method;Z)Ljava/lang/invoke/MethodHandle;+79 java.base@21.0.1
j  jdk.internal.reflect.MethodHandleAccessorFactory.newMethodAccessor(Ljava/lang/reflect/Method;Z)Ljdk/internal/reflect/MethodAccessorImpl;+41 java.base@21.0.1
j  jdk.internal.reflect.ReflectionFactory.newMethodAccessor(Ljava/lang/reflect/Method;Z)Ljdk/internal/reflect/MethodAccessor;+28 java.base@21.0.1
j  java.lang.reflect.Method.acquireMethodAccessor()Ljdk/internal/reflect/MethodAccessor;+38 java.base@21.0.1
j  java.lang.reflect.Method.invoke(Ljava/lang/Object;[Ljava/lang/Object;)Ljava/lang/Object;+75 java.base@21.0.1
j  java.lang.Class.getEnumConstantsShared()[Ljava/lang/Object;+49 java.base@21.0.1
j  java.lang.System$2.getEnumConstantsShared(Ljava/lang/Class;)[Ljava/lang/Enum;+1 java.base@21.0.1
j  java.util.EnumMap.getKeyUniverse(Ljava/lang/Class;)[Ljava/lang/Enum;+4 java.base@21.0.1
j  java.util.EnumMap.<init>(Ljava/lang/Class;)V+16 java.base@21.0.1
j  java.util.stream.StreamOpFlag.set(Ljava/util/stream/StreamOpFlag$Type;)Ljava/util/stream/StreamOpFlag$MaskBuilder;+10 java.base@21.0.1
j  java.util.stream.StreamOpFlag.<clinit>()V+11 java.base@21.0.1
v  ~StubRoutines::call_stub 0x000001a99823100d
j  java.util.stream.StreamSupport.stream(Ljava/util/Spliterator;Z)Ljava/util/stream/Stream;+11 java.base@21.0.1
j  java.util.Collection.stream()Ljava/util/stream/Stream;+7 java.base@21.0.1
j  jdk.internal.module.DefaultRoots.compute(Ljava/lang/module/ModuleFinder;Ljava/lang/module/ModuleFinder;)Ljava/util/Set;+6 java.base@21.0.1
j  jdk.internal.module.ModuleBootstrap.boot2()Ljava/lang/ModuleLayer;+727 java.base@21.0.1
j  jdk.internal.module.ModuleBootstrap.boot()Ljava/lang/ModuleLayer;+64 java.base@21.0.1
j  java.lang.System.initPhase2(ZZ)I+0 java.base@21.0.1
v  ~StubRoutines::call_stub 0x000001a99823100d
new  187 new  [0x000001a998248b60, 0x000001a998248d68]  520 bytes
[MachCode]
  0x000001a998248b60: 4883 ec08 | c5fa 1104 | 24eb 1f48 | 83ec 10c5 | fb11 0424 | eb14 4883 | ec10 4889 | 0424 48c7 
  0x000001a998248b80: 4424 0800 | 0000 00eb | 0150 410f | b755 010f | cac1 ea10 | 488b 4de8 | 488b 4908 | 488b 4908 
  0x000001a998248ba0: 488b 4108 | 807c 1004 | 070f 85d3 | 0000 0066 | 8b54 d148 | 488b 4928 | 488b 4cd1 | 0851 80b9 
  0x000001a998248bc0: 2001 0000 | 050f 85b6 | 0000 008b | 5108 f6c2 | 010f 85aa | 0000 0049 | 8b87 b801 | 0000 488d 
  0x000001a998248be0: 1c10 493b | 9fc8 0100 | 000f 8792 | 0000 0049 | 899f b801 | 0000 4883 | ea10 0f84 | 0f00 0000 
  0x000001a998248c00: 33c9 c1ea | 0348 894c | d008 48ff | ca75 f648 | c700 0100 | 0000 5933 | f689 700c | 49ba 0000 
  0x000001a998248c20: 0000 0800 | 0000 492b | ca89 4808 | 49ba ca25 | a6f0 f97f | 0000 4180 | 3a00 0f84 | 3c00 0000 
  0x000001a998248c40: 5048 8bc8 | 4883 ec20 | 40f6 c40f | 0f84 1900 | 0000 4883 | ec08 48b8 | 70eb 56f0 | f97f 0000 
  0x000001a998248c60: ffd0 4883 | c408 e90c | 0000 0048 | b870 eb56 | f0f9 7f00 | 00ff d048 | 83c4 2058 | e9cb 0000 
  0x000001a998248c80: 0059 488b | 55e8 488b | 5208 488b | 5208 450f | b745 0141 | 0fc8 41c1 | e810 e805 | 0000 00e9 
  0x000001a998248ca0: a800 0000 | 488d 4424 | 084c 896d | c049 8bcf | c5f8 7749 | 89af a803 | 0000 4989 | 8798 0300 
  0x000001a998248cc0: 0048 83ec | 2040 f6c4 | 0f0f 8419 | 0000 0048 | 83ec 0848 | b8b0 3621 | f0f9 7f00 | 00ff d048 
  0x000001a998248ce0: 83c4 08e9 | 0c00 0000 | 48b8 b036 | 21f0 f97f | 0000 ffd0 | 4883 c420 | 49c7 8798 | 0300 0000 
  0x000001a998248d00: 0000 0049 | c787 a803 | 0000 0000 | 0000 49c7 | 87a0 0300 | 0000 0000 | 00c5 f877 | 4983 7f08 
  0x000001a998248d20: 000f 8405 | 0000 00e9 | d481 feff | 498b 87f0 | 0300 0049 | c787 f003 | 0000 0000 | 0000 4c8b 
  0x000001a998248d40: 6dc0 4c8b | 75c8 4e8d | 74f5 00c3 | 410f b65d | 0349 83c5 | 0349 ba80 | dfa8 f0f9 | 7f00 0041 
  0x000001a998248d60: ff24 da0f | 1f44 0000 
[/MachCode]

---------------  P R O C E S S  ---------------

Threads class SMR info:
_java_thread_list=0x000001a9ad0d7d10, length=8, elements={
0x000001a98dae1c10, 0x000001a9ad0b9000, 0x000001a9ad0dceb0, 0x000001a9ad109660,
0x000001a9ad0df290, 0x000001a9ad0e0d00, 0x000001a9ad0e1760, 0x000001a9ad0e21c0
}

Java Threads: ( => current thread )
=>0x000001a98dae1c10 JavaThread "main"                              [_thread_in_vm, id=19400, stack(0x0000005efa100000,0x0000005efa200000) (1024K)]
  0x000001a9ad0b9000 JavaThread "Reference Handler"          daemon [_thread_blocked, id=33560, stack(0x0000005efa900000,0x0000005efaa00000) (1024K)]
  0x000001a9ad0dceb0 JavaThread "Finalizer"                  daemon [_thread_blocked, id=19844, stack(0x0000005efaa00000,0x0000005efab00000) (1024K)]
  0x000001a9ad109660 JavaThread "Signal Dispatcher"          daemon [_thread_blocked, id=28876, stack(0x0000005efab00000,0x0000005efac00000) (1024K)]
  0x000001a9ad0df290 JavaThread "Attach Listener"            daemon [_thread_blocked, id=7868, stack(0x0000005efac00000,0x0000005efad00000) (1024K)]
  0x000001a9ad0e0d00 JavaThread "Service Thread"             daemon [_thread_blocked, id=18616, stack(0x0000005efad00000,0x0000005efae00000) (1024K)]
  0x000001a9ad0e1760 JavaThread "Monitor Deflation Thread"   daemon [_thread_blocked, id=22884, stack(0x0000005efae00000,0x0000005efaf00000) (1024K)]
  0x000001a9ad0e21c0 JavaThread "C1 CompilerThread0"         daemon [_thread_blocked, id=27364, stack(0x0000005efaf00000,0x0000005efb000000) (1024K)]
Total: 8

Other Threads:
  0x000001a9ad049a10 VMThread "VM Thread"                           [id=4896, stack(0x0000005efa800000,0x0000005efa900000) (1024K)]
  0x000001a9a5bfd2b0 WatcherThread "VM Periodic Task Thread"        [id=19216, stack(0x0000005efa700000,0x0000005efa800000) (1024K)]
  0x000001a9a5a50570 WorkerThread "GC Thread#0"                     [id=27524, stack(0x0000005efa200000,0x0000005efa300000) (1024K)]
  0x000001a98fe63c80 ConcurrentGCThread "G1 Main Marker"            [id=5764, stack(0x0000005efa300000,0x0000005efa400000) (1024K)]
  0x000001a98fe64690 WorkerThread "G1 Conc#0"                       [id=23248, stack(0x0000005efa400000,0x0000005efa500000) (1024K)]
  0x000001a98fe9de90 ConcurrentGCThread "G1 Refine#0"               [id=26320, stack(0x0000005efa500000,0x0000005efa600000) (1024K)]
  0x000001a98fe9e910 ConcurrentGCThread "G1 Service"                [id=6460, stack(0x0000005efa600000,0x0000005efa700000) (1024K)]
Total: 7

Threads with active compile tasks:
Total: 0

VM state: not at safepoint (normal execution)

VM Mutex/Monitor currently owned by a thread: None

Heap address: 0x0000000605c00000, size: 8100 MB, Compressed Oops mode: Zero based, Oop shift amount: 3

CDS archive(s) not mapped
Compressed class space mapped at: 0x0000000800000000-0x0000000840000000, reserved size: 1073741824
Narrow klass base: 0x0000000800000000, Narrow klass shift: 0, Narrow klass range: 0x40000000

GC Precious Log:
 CardTable entry size: 512
 Card Set container configuration: InlinePtr #cards 4 size 8 Array Of Cards #cards 32 size 80 Howl #buckets 8 coarsen threshold 7372 Howl Bitmap #cards 1024 size 144 coarsen threshold 921 Card regions per heap region 1 cards per card region 8192
 CPUs: 20 total, 20 available
 Memory: 32388M
 Large Page Support: Disabled
 NUMA Support: Disabled
 Compressed Oops: Enabled (Zero based)
 Heap Region Size: 4M
 Heap Min Capacity: 8M
 Heap Initial Capacity: 508M
 Heap Max Capacity: 8100M
 Pre-touch: Disabled
 Parallel Workers: 15
 Concurrent Workers: 4
 Concurrent Refinement Workers: 15
 Periodic GC: Disabled

Heap:
 garbage-first heap   total 520192K, used 0K [0x0000000605c00000, 0x0000000800000000)
  region size 4096K, 1 young (4096K), 0 survivors (0K)
 Metaspace       used 4808K, committed 4864K, reserved 1114112K
  class space    used 360K, committed 384K, reserved 1048576K

Heap Regions: E=young(eden), S=young(survivor), O=old, HS=humongous(starts), HC=humongous(continues), CS=collection set, F=free, TAMS=top-at-mark-start, PB=parsable bottom
|   0|0x0000000605c00000, 0x0000000605c00000, 0x0000000606000000|  0%| F|  |TAMS 0x0000000605c00000| PB 0x0000000605c00000| Untracked 
|   1|0x0000000606000000, 0x0000000606000000, 0x0000000606400000|  0%| F|  |TAMS 0x0000000606000000| PB 0x0000000606000000| Untracked 
|   2|0x0000000606400000, 0x0000000606400000, 0x0000000606800000|  0%| F|  |TAMS 0x0000000606400000| PB 0x0000000606400000| Untracked 
|   3|0x0000000606800000, 0x0000000606800000, 0x0000000606c00000|  0%| F|  |TAMS 0x0000000606800000| PB 0x0000000606800000| Untracked 
|   4|0x0000000606c00000, 0x0000000606c00000, 0x0000000607000000|  0%| F|  |TAMS 0x0000000606c00000| PB 0x0000000606c00000| Untracked 
|   5|0x0000000607000000, 0x0000000607000000, 0x0000000607400000|  0%| F|  |TAMS 0x0000000607000000| PB 0x0000000607000000| Untracked 
|   6|0x0000000607400000, 0x0000000607400000, 0x0000000607800000|  0%| F|  |TAMS 0x0000000607400000| PB 0x0000000607400000| Untracked 
|   7|0x0000000607800000, 0x0000000607800000, 0x0000000607c00000|  0%| F|  |TAMS 0x0000000607800000| PB 0x0000000607800000| Untracked 
|   8|0x0000000607c00000, 0x0000000607c00000, 0x0000000608000000|  0%| F|  |TAMS 0x0000000607c00000| PB 0x0000000607c00000| Untracked 
|   9|0x0000000608000000, 0x0000000608000000, 0x0000000608400000|  0%| F|  |TAMS 0x0000000608000000| PB 0x0000000608000000| Untracked 
|  10|0x0000000608400000, 0x0000000608400000, 0x0000000608800000|  0%| F|  |TAMS 0x0000000608400000| PB 0x0000000608400000| Untracked 
|  11|0x0000000608800000, 0x0000000608800000, 0x0000000608c00000|  0%| F|  |TAMS 0x0000000608800000| PB 0x0000000608800000| Untracked 
|  12|0x0000000608c00000, 0x0000000608c00000, 0x0000000609000000|  0%| F|  |TAMS 0x0000000608c00000| PB 0x0000000608c00000| Untracked 
|  13|0x0000000609000000, 0x0000000609000000, 0x0000000609400000|  0%| F|  |TAMS 0x0000000609000000| PB 0x0000000609000000| Untracked 
|  14|0x0000000609400000, 0x0000000609400000, 0x0000000609800000|  0%| F|  |TAMS 0x0000000609400000| PB 0x0000000609400000| Untracked 
|  15|0x0000000609800000, 0x0000000609800000, 0x0000000609c00000|  0%| F|  |TAMS 0x0000000609800000| PB 0x0000000609800000| Untracked 
|  16|0x0000000609c00000, 0x0000000609c00000, 0x000000060a000000|  0%| F|  |TAMS 0x0000000609c00000| PB 0x0000000609c00000| Untracked 
|  17|0x000000060a000000, 0x000000060a000000, 0x000000060a400000|  0%| F|  |TAMS 0x000000060a000000| PB 0x000000060a000000| Untracked 
|  18|0x000000060a400000, 0x000000060a400000, 0x000000060a800000|  0%| F|  |TAMS 0x000000060a400000| PB 0x000000060a400000| Untracked 
|  19|0x000000060a800000, 0x000000060a800000, 0x000000060ac00000|  0%| F|  |TAMS 0x000000060a800000| PB 0x000000060a800000| Untracked 
|  20|0x000000060ac00000, 0x000000060ac00000, 0x000000060b000000|  0%| F|  |TAMS 0x000000060ac00000| PB 0x000000060ac00000| Untracked 
|  21|0x000000060b000000, 0x000000060b000000, 0x000000060b400000|  0%| F|  |TAMS 0x000000060b000000| PB 0x000000060b000000| Untracked 
|  22|0x000000060b400000, 0x000000060b400000, 0x000000060b800000|  0%| F|  |TAMS 0x000000060b400000| PB 0x000000060b400000| Untracked 
|  23|0x000000060b800000, 0x000000060b800000, 0x000000060bc00000|  0%| F|  |TAMS 0x000000060b800000| PB 0x000000060b800000| Untracked 
|  24|0x000000060bc00000, 0x000000060bc00000, 0x000000060c000000|  0%| F|  |TAMS 0x000000060bc00000| PB 0x000000060bc00000| Untracked 
|  25|0x000000060c000000, 0x000000060c000000, 0x000000060c400000|  0%| F|  |TAMS 0x000000060c000000| PB 0x000000060c000000| Untracked 
|  26|0x000000060c400000, 0x000000060c400000, 0x000000060c800000|  0%| F|  |TAMS 0x000000060c400000| PB 0x000000060c400000| Untracked 
|  27|0x000000060c800000, 0x000000060c800000, 0x000000060cc00000|  0%| F|  |TAMS 0x000000060c800000| PB 0x000000060c800000| Untracked 
|  28|0x000000060cc00000, 0x000000060cc00000, 0x000000060d000000|  0%| F|  |TAMS 0x000000060cc00000| PB 0x000000060cc00000| Untracked 
|  29|0x000000060d000000, 0x000000060d000000, 0x000000060d400000|  0%| F|  |TAMS 0x000000060d000000| PB 0x000000060d000000| Untracked 
|  30|0x000000060d400000, 0x000000060d400000, 0x000000060d800000|  0%| F|  |TAMS 0x000000060d400000| PB 0x000000060d400000| Untracked 
|  31|0x000000060d800000, 0x000000060d800000, 0x000000060dc00000|  0%| F|  |TAMS 0x000000060d800000| PB 0x000000060d800000| Untracked 
|  32|0x000000060dc00000, 0x000000060dc00000, 0x000000060e000000|  0%| F|  |TAMS 0x000000060dc00000| PB 0x000000060dc00000| Untracked 
|  33|0x000000060e000000, 0x000000060e000000, 0x000000060e400000|  0%| F|  |TAMS 0x000000060e000000| PB 0x000000060e000000| Untracked 
|  34|0x000000060e400000, 0x000000060e400000, 0x000000060e800000|  0%| F|  |TAMS 0x000000060e400000| PB 0x000000060e400000| Untracked 
|  35|0x000000060e800000, 0x000000060e800000, 0x000000060ec00000|  0%| F|  |TAMS 0x000000060e800000| PB 0x000000060e800000| Untracked 
|  36|0x000000060ec00000, 0x000000060ec00000, 0x000000060f000000|  0%| F|  |TAMS 0x000000060ec00000| PB 0x000000060ec00000| Untracked 
|  37|0x000000060f000000, 0x000000060f000000, 0x000000060f400000|  0%| F|  |TAMS 0x000000060f000000| PB 0x000000060f000000| Untracked 
|  38|0x000000060f400000, 0x000000060f400000, 0x000000060f800000|  0%| F|  |TAMS 0x000000060f400000| PB 0x000000060f400000| Untracked 
|  39|0x000000060f800000, 0x000000060f800000, 0x000000060fc00000|  0%| F|  |TAMS 0x000000060f800000| PB 0x000000060f800000| Untracked 
|  40|0x000000060fc00000, 0x000000060fc00000, 0x0000000610000000|  0%| F|  |TAMS 0x000000060fc00000| PB 0x000000060fc00000| Untracked 
|  41|0x0000000610000000, 0x0000000610000000, 0x0000000610400000|  0%| F|  |TAMS 0x0000000610000000| PB 0x0000000610000000| Untracked 
|  42|0x0000000610400000, 0x0000000610400000, 0x0000000610800000|  0%| F|  |TAMS 0x0000000610400000| PB 0x0000000610400000| Untracked 
|  43|0x0000000610800000, 0x0000000610800000, 0x0000000610c00000|  0%| F|  |TAMS 0x0000000610800000| PB 0x0000000610800000| Untracked 
|  44|0x0000000610c00000, 0x0000000610c00000, 0x0000000611000000|  0%| F|  |TAMS 0x0000000610c00000| PB 0x0000000610c00000| Untracked 
|  45|0x0000000611000000, 0x0000000611000000, 0x0000000611400000|  0%| F|  |TAMS 0x0000000611000000| PB 0x0000000611000000| Untracked 
|  46|0x0000000611400000, 0x0000000611400000, 0x0000000611800000|  0%| F|  |TAMS 0x0000000611400000| PB 0x0000000611400000| Untracked 
|  47|0x0000000611800000, 0x0000000611800000, 0x0000000611c00000|  0%| F|  |TAMS 0x0000000611800000| PB 0x0000000611800000| Untracked 
|  48|0x0000000611c00000, 0x0000000611c00000, 0x0000000612000000|  0%| F|  |TAMS 0x0000000611c00000| PB 0x0000000611c00000| Untracked 
|  49|0x0000000612000000, 0x0000000612000000, 0x0000000612400000|  0%| F|  |TAMS 0x0000000612000000| PB 0x0000000612000000| Untracked 
|  50|0x0000000612400000, 0x0000000612400000, 0x0000000612800000|  0%| F|  |TAMS 0x0000000612400000| PB 0x0000000612400000| Untracked 
|  51|0x0000000612800000, 0x0000000612800000, 0x0000000612c00000|  0%| F|  |TAMS 0x0000000612800000| PB 0x0000000612800000| Untracked 
|  52|0x0000000612c00000, 0x0000000612c00000, 0x0000000613000000|  0%| F|  |TAMS 0x0000000612c00000| PB 0x0000000612c00000| Untracked 
|  53|0x0000000613000000, 0x0000000613000000, 0x0000000613400000|  0%| F|  |TAMS 0x0000000613000000| PB 0x0000000613000000| Untracked 
|  54|0x0000000613400000, 0x0000000613400000, 0x0000000613800000|  0%| F|  |TAMS 0x0000000613400000| PB 0x0000000613400000| Untracked 
|  55|0x0000000613800000, 0x0000000613800000, 0x0000000613c00000|  0%| F|  |TAMS 0x0000000613800000| PB 0x0000000613800000| Untracked 
|  56|0x0000000613c00000, 0x0000000613c00000, 0x0000000614000000|  0%| F|  |TAMS 0x0000000613c00000| PB 0x0000000613c00000| Untracked 
|  57|0x0000000614000000, 0x0000000614000000, 0x0000000614400000|  0%| F|  |TAMS 0x0000000614000000| PB 0x0000000614000000| Untracked 
|  58|0x0000000614400000, 0x0000000614400000, 0x0000000614800000|  0%| F|  |TAMS 0x0000000614400000| PB 0x0000000614400000| Untracked 
|  59|0x0000000614800000, 0x0000000614800000, 0x0000000614c00000|  0%| F|  |TAMS 0x0000000614800000| PB 0x0000000614800000| Untracked 
|  60|0x0000000614c00000, 0x0000000614c00000, 0x0000000615000000|  0%| F|  |TAMS 0x0000000614c00000| PB 0x0000000614c00000| Untracked 
|  61|0x0000000615000000, 0x0000000615000000, 0x0000000615400000|  0%| F|  |TAMS 0x0000000615000000| PB 0x0000000615000000| Untracked 
|  62|0x0000000615400000, 0x0000000615400000, 0x0000000615800000|  0%| F|  |TAMS 0x0000000615400000| PB 0x0000000615400000| Untracked 
|  63|0x0000000615800000, 0x0000000615800000, 0x0000000615c00000|  0%| F|  |TAMS 0x0000000615800000| PB 0x0000000615800000| Untracked 
|  64|0x0000000615c00000, 0x0000000615c00000, 0x0000000616000000|  0%| F|  |TAMS 0x0000000615c00000| PB 0x0000000615c00000| Untracked 
|  65|0x0000000616000000, 0x0000000616000000, 0x0000000616400000|  0%| F|  |TAMS 0x0000000616000000| PB 0x0000000616000000| Untracked 
|  66|0x0000000616400000, 0x0000000616400000, 0x0000000616800000|  0%| F|  |TAMS 0x0000000616400000| PB 0x0000000616400000| Untracked 
|  67|0x0000000616800000, 0x0000000616800000, 0x0000000616c00000|  0%| F|  |TAMS 0x0000000616800000| PB 0x0000000616800000| Untracked 
|  68|0x0000000616c00000, 0x0000000616c00000, 0x0000000617000000|  0%| F|  |TAMS 0x0000000616c00000| PB 0x0000000616c00000| Untracked 
|  69|0x0000000617000000, 0x0000000617000000, 0x0000000617400000|  0%| F|  |TAMS 0x0000000617000000| PB 0x0000000617000000| Untracked 
|  70|0x0000000617400000, 0x0000000617400000, 0x0000000617800000|  0%| F|  |TAMS 0x0000000617400000| PB 0x0000000617400000| Untracked 
|  71|0x0000000617800000, 0x0000000617800000, 0x0000000617c00000|  0%| F|  |TAMS 0x0000000617800000| PB 0x0000000617800000| Untracked 
|  72|0x0000000617c00000, 0x0000000617c00000, 0x0000000618000000|  0%| F|  |TAMS 0x0000000617c00000| PB 0x0000000617c00000| Untracked 
|  73|0x0000000618000000, 0x0000000618000000, 0x0000000618400000|  0%| F|  |TAMS 0x0000000618000000| PB 0x0000000618000000| Untracked 
|  74|0x0000000618400000, 0x0000000618400000, 0x0000000618800000|  0%| F|  |TAMS 0x0000000618400000| PB 0x0000000618400000| Untracked 
|  75|0x0000000618800000, 0x0000000618800000, 0x0000000618c00000|  0%| F|  |TAMS 0x0000000618800000| PB 0x0000000618800000| Untracked 
|  76|0x0000000618c00000, 0x0000000618c00000, 0x0000000619000000|  0%| F|  |TAMS 0x0000000618c00000| PB 0x0000000618c00000| Untracked 
|  77|0x0000000619000000, 0x0000000619000000, 0x0000000619400000|  0%| F|  |TAMS 0x0000000619000000| PB 0x0000000619000000| Untracked 
|  78|0x0000000619400000, 0x0000000619400000, 0x0000000619800000|  0%| F|  |TAMS 0x0000000619400000| PB 0x0000000619400000| Untracked 
|  79|0x0000000619800000, 0x0000000619800000, 0x0000000619c00000|  0%| F|  |TAMS 0x0000000619800000| PB 0x0000000619800000| Untracked 
|  80|0x0000000619c00000, 0x0000000619c00000, 0x000000061a000000|  0%| F|  |TAMS 0x0000000619c00000| PB 0x0000000619c00000| Untracked 
|  81|0x000000061a000000, 0x000000061a000000, 0x000000061a400000|  0%| F|  |TAMS 0x000000061a000000| PB 0x000000061a000000| Untracked 
|  82|0x000000061a400000, 0x000000061a400000, 0x000000061a800000|  0%| F|  |TAMS 0x000000061a400000| PB 0x000000061a400000| Untracked 
|  83|0x000000061a800000, 0x000000061a800000, 0x000000061ac00000|  0%| F|  |TAMS 0x000000061a800000| PB 0x000000061a800000| Untracked 
|  84|0x000000061ac00000, 0x000000061ac00000, 0x000000061b000000|  0%| F|  |TAMS 0x000000061ac00000| PB 0x000000061ac00000| Untracked 
|  85|0x000000061b000000, 0x000000061b000000, 0x000000061b400000|  0%| F|  |TAMS 0x000000061b000000| PB 0x000000061b000000| Untracked 
|  86|0x000000061b400000, 0x000000061b400000, 0x000000061b800000|  0%| F|  |TAMS 0x000000061b400000| PB 0x000000061b400000| Untracked 
|  87|0x000000061b800000, 0x000000061b800000, 0x000000061bc00000|  0%| F|  |TAMS 0x000000061b800000| PB 0x000000061b800000| Untracked 
|  88|0x000000061bc00000, 0x000000061bc00000, 0x000000061c000000|  0%| F|  |TAMS 0x000000061bc00000| PB 0x000000061bc00000| Untracked 
|  89|0x000000061c000000, 0x000000061c000000, 0x000000061c400000|  0%| F|  |TAMS 0x000000061c000000| PB 0x000000061c000000| Untracked 
|  90|0x000000061c400000, 0x000000061c400000, 0x000000061c800000|  0%| F|  |TAMS 0x000000061c400000| PB 0x000000061c400000| Untracked 
|  91|0x000000061c800000, 0x000000061c800000, 0x000000061cc00000|  0%| F|  |TAMS 0x000000061c800000| PB 0x000000061c800000| Untracked 
|  92|0x000000061cc00000, 0x000000061cc00000, 0x000000061d000000|  0%| F|  |TAMS 0x000000061cc00000| PB 0x000000061cc00000| Untracked 
|  93|0x000000061d000000, 0x000000061d000000, 0x000000061d400000|  0%| F|  |TAMS 0x000000061d000000| PB 0x000000061d000000| Untracked 
|  94|0x000000061d400000, 0x000000061d400000, 0x000000061d800000|  0%| F|  |TAMS 0x000000061d400000| PB 0x000000061d400000| Untracked 
|  95|0x000000061d800000, 0x000000061d800000, 0x000000061dc00000|  0%| F|  |TAMS 0x000000061d800000| PB 0x000000061d800000| Untracked 
|  96|0x000000061dc00000, 0x000000061dc00000, 0x000000061e000000|  0%| F|  |TAMS 0x000000061dc00000| PB 0x000000061dc00000| Untracked 
|  97|0x000000061e000000, 0x000000061e000000, 0x000000061e400000|  0%| F|  |TAMS 0x000000061e000000| PB 0x000000061e000000| Untracked 
|  98|0x000000061e400000, 0x000000061e400000, 0x000000061e800000|  0%| F|  |TAMS 0x000000061e400000| PB 0x000000061e400000| Untracked 
|  99|0x000000061e800000, 0x000000061e800000, 0x000000061ec00000|  0%| F|  |TAMS 0x000000061e800000| PB 0x000000061e800000| Untracked 
| 100|0x000000061ec00000, 0x000000061ec00000, 0x000000061f000000|  0%| F|  |TAMS 0x000000061ec00000| PB 0x000000061ec00000| Untracked 
| 101|0x000000061f000000, 0x000000061f000000, 0x000000061f400000|  0%| F|  |TAMS 0x000000061f000000| PB 0x000000061f000000| Untracked 
| 102|0x000000061f400000, 0x000000061f400000, 0x000000061f800000|  0%| F|  |TAMS 0x000000061f400000| PB 0x000000061f400000| Untracked 
| 103|0x000000061f800000, 0x000000061f800000, 0x000000061fc00000|  0%| F|  |TAMS 0x000000061f800000| PB 0x000000061f800000| Untracked 
| 104|0x000000061fc00000, 0x000000061fc00000, 0x0000000620000000|  0%| F|  |TAMS 0x000000061fc00000| PB 0x000000061fc00000| Untracked 
| 105|0x0000000620000000, 0x0000000620000000, 0x0000000620400000|  0%| F|  |TAMS 0x0000000620000000| PB 0x0000000620000000| Untracked 
| 106|0x0000000620400000, 0x0000000620400000, 0x0000000620800000|  0%| F|  |TAMS 0x0000000620400000| PB 0x0000000620400000| Untracked 
| 107|0x0000000620800000, 0x0000000620800000, 0x0000000620c00000|  0%| F|  |TAMS 0x0000000620800000| PB 0x0000000620800000| Untracked 
| 108|0x0000000620c00000, 0x0000000620c00000, 0x0000000621000000|  0%| F|  |TAMS 0x0000000620c00000| PB 0x0000000620c00000| Untracked 
| 109|0x0000000621000000, 0x0000000621000000, 0x0000000621400000|  0%| F|  |TAMS 0x0000000621000000| PB 0x0000000621000000| Untracked 
| 110|0x0000000621400000, 0x0000000621400000, 0x0000000621800000|  0%| F|  |TAMS 0x0000000621400000| PB 0x0000000621400000| Untracked 
| 111|0x0000000621800000, 0x0000000621800000, 0x0000000621c00000|  0%| F|  |TAMS 0x0000000621800000| PB 0x0000000621800000| Untracked 
| 112|0x0000000621c00000, 0x0000000621c00000, 0x0000000622000000|  0%| F|  |TAMS 0x0000000621c00000| PB 0x0000000621c00000| Untracked 
| 113|0x0000000622000000, 0x0000000622000000, 0x0000000622400000|  0%| F|  |TAMS 0x0000000622000000| PB 0x0000000622000000| Untracked 
| 114|0x0000000622400000, 0x0000000622400000, 0x0000000622800000|  0%| F|  |TAMS 0x0000000622400000| PB 0x0000000622400000| Untracked 
| 115|0x0000000622800000, 0x0000000622800000, 0x0000000622c00000|  0%| F|  |TAMS 0x0000000622800000| PB 0x0000000622800000| Untracked 
| 116|0x0000000622c00000, 0x0000000622c00000, 0x0000000623000000|  0%| F|  |TAMS 0x0000000622c00000| PB 0x0000000622c00000| Untracked 
| 117|0x0000000623000000, 0x0000000623000000, 0x0000000623400000|  0%| F|  |TAMS 0x0000000623000000| PB 0x0000000623000000| Untracked 
| 118|0x0000000623400000, 0x0000000623400000, 0x0000000623800000|  0%| F|  |TAMS 0x0000000623400000| PB 0x0000000623400000| Untracked 
| 119|0x0000000623800000, 0x0000000623800000, 0x0000000623c00000|  0%| F|  |TAMS 0x0000000623800000| PB 0x0000000623800000| Untracked 
| 120|0x0000000623c00000, 0x0000000623c00000, 0x0000000624000000|  0%| F|  |TAMS 0x0000000623c00000| PB 0x0000000623c00000| Untracked 
| 121|0x0000000624000000, 0x0000000624000000, 0x0000000624400000|  0%| F|  |TAMS 0x0000000624000000| PB 0x0000000624000000| Untracked 
| 122|0x0000000624400000, 0x0000000624400000, 0x0000000624800000|  0%| F|  |TAMS 0x0000000624400000| PB 0x0000000624400000| Untracked 
| 123|0x0000000624800000, 0x0000000624800000, 0x0000000624c00000|  0%| F|  |TAMS 0x0000000624800000| PB 0x0000000624800000| Untracked 
| 124|0x0000000624c00000, 0x0000000624c00000, 0x0000000625000000|  0%| F|  |TAMS 0x0000000624c00000| PB 0x0000000624c00000| Untracked 
| 125|0x0000000625000000, 0x0000000625000000, 0x0000000625400000|  0%| F|  |TAMS 0x0000000625000000| PB 0x0000000625000000| Untracked 
| 126|0x0000000625400000, 0x00000006256668a8, 0x0000000625800000| 60%| E|  |TAMS 0x0000000625400000| PB 0x0000000625400000| Complete 

Card table byte_map: [0x000001a99ca90000,0x000001a99da70000] _byte_map_base: 0x000001a999a62000

Marking Bits: (CMBitMap*) 0x000001a98fe538d0
 Bits: [0x000001a99da70000, 0x000001a9a5900000)

Polling page: 0x000001a98dc70000

Metaspace:

Usage:
  Non-class:      4.34 MB used.
      Class:    360.42 KB used.
       Both:      4.70 MB used.

Virtual space:
  Non-class space:       64.00 MB reserved,       4.38 MB (  7%) committed,  1 nodes.
      Class space:        1.00 GB reserved,     384.00 KB ( <1%) committed,  1 nodes.
             Both:        1.06 GB reserved,       4.75 MB ( <1%) committed. 

Chunk freelists:
   Non-Class:  11.00 MB
       Class:  15.62 MB
        Both:  26.62 MB

MaxMetaspaceSize: unlimited
CompressedClassSpaceSize: 1.00 GB
Initial GC threshold: 21.00 MB
Current GC threshold: 21.00 MB
CDS: off
 - commit_granule_bytes: 65536.
 - commit_granule_words: 8192.
 - virtual_space_node_default_size: 8388608.
 - enlarge_chunks_in_place: 1.
 - use_allocation_guard: 0.


Internal statistics:

num_allocs_failed_limit: 0.
num_arena_births: 2.
num_arena_deaths: 0.
num_vsnodes_births: 2.
num_vsnodes_deaths: 0.
num_space_committed: 76.
num_space_uncommitted: 0.
num_chunks_returned_to_freelist: 0.
num_chunks_taken_from_freelist: 5.
num_chunk_merges: 0.
num_chunk_splits: 3.
num_chunks_enlarged: 0.
num_inconsistent_stats: 0.

CodeCache: size=49152Kb used=1215Kb max_used=1215Kb free=47936Kb
 bounds [0x000001a998230000, 0x000001a9984a0000, 0x000001a99b230000]
 total_blobs=392 nmethods=63 adapters=254
 compilation: enabled
              stopped_count=0, restarted_count=0
 full_count=0

Compilation events (20 events):
Event: 0.105 Thread 0x000001a9ad0e21c0   45       1       java.lang.String::startsWith (123 bytes)
Event: 0.105 Thread 0x000001a9ad0e21c0 nmethod 45 0x000001a99834b510 code [0x000001a99834b6e0, 0x000001a99834b990]
Event: 0.105 Thread 0x000001a9ad0e21c0   47       1       jdk.internal.misc.Unsafe::getLongUnaligned (173 bytes)
Event: 0.105 Thread 0x000001a9ad0e21c0 nmethod 47 0x000001a99834bb10 code [0x000001a99834bce0, 0x000001a99834c008]
Event: 0.105 Thread 0x000001a9ad0e21c0   46       1       java.io.File::getPrefixLength (5 bytes)
Event: 0.105 Thread 0x000001a9ad0e21c0 nmethod 46 0x000001a99834c090 code [0x000001a99834c220, 0x000001a99834c2e8]
Event: 0.109 Thread 0x000001a9ad0e21c0   49       1       java.util.concurrent.ConcurrentHashMap::tabAt (22 bytes)
Event: 0.109 Thread 0x000001a9ad0e21c0 nmethod 49 0x000001a99834ce10 code [0x000001a99834cfa0, 0x000001a99834d0c0]
Event: 0.109 Thread 0x000001a9ad0e21c0   57       1       java.util.ImmutableCollections$SetN$SetNIterator::next (90 bytes)
Event: 0.109 Thread 0x000001a9ad0e21c0 nmethod 57 0x000001a99834d190 code [0x000001a99834d340, 0x000001a99834d4e8]
Event: 0.109 Thread 0x000001a9ad0e21c0   50       1       jdk.internal.misc.Unsafe::getReferenceAcquire (7 bytes)
Event: 0.109 Thread 0x000001a9ad0e21c0 nmethod 50 0x000001a99834d610 code [0x000001a99834d7a0, 0x000001a99834d8c8]
Event: 0.109 Thread 0x000001a9ad0e21c0   55   !   1       java.util.concurrent.ConcurrentHashMap::putVal (432 bytes)
Event: 0.110 Thread 0x000001a9ad0e21c0 nmethod 55 0x000001a99834d910 code [0x000001a99834dbc0, 0x000001a99834ec78]
Event: 0.110 Thread 0x000001a9ad0e21c0   52       1       java.util.concurrent.ConcurrentHashMap::spread (10 bytes)
Event: 0.110 Thread 0x000001a9ad0e21c0 nmethod 52 0x000001a99834f410 code [0x000001a99834f5a0, 0x000001a99834f658]
Event: 0.110 Thread 0x000001a9ad0e21c0   54       1       java.util.concurrent.ConcurrentHashMap::addCount (280 bytes)
Event: 0.111 Thread 0x000001a9ad0e21c0 nmethod 54 0x000001a99834f710 code [0x000001a99834f920, 0x000001a99834fdd0]
Event: 0.111 Thread 0x000001a9ad0e21c0   56       1       java.util.concurrent.ConcurrentHashMap$Node::<init> (20 bytes)
Event: 0.111 Thread 0x000001a9ad0e21c0 nmethod 56 0x000001a998350010 code [0x000001a9983501a0, 0x000001a998350320]

GC Heap History (0 events):
No events

Dll operation events (1 events):
Event: 0.006 Loaded shared library C:\Program Files\Java\jdk-21\bin\java.dll

Deoptimization events (0 events):
No events

Classes loaded (20 events):
Event: 0.125 Loading class java/lang/invoke/LambdaFormEditor$TransformKey done
Event: 0.125 Loading class java/lang/invoke/LambdaFormBuffer
Event: 0.125 Loading class java/lang/invoke/LambdaFormBuffer done
Event: 0.125 Loading class java/lang/invoke/LambdaFormEditor$Transform
Event: 0.125 Loading class java/lang/invoke/LambdaFormEditor$Transform done
Event: 0.125 Loading class jdk/internal/org/objectweb/asm/ClassWriter
Event: 0.125 Loading class jdk/internal/org/objectweb/asm/ClassVisitor
Event: 0.125 Loading class jdk/internal/org/objectweb/asm/ClassVisitor done
Event: 0.125 Loading class jdk/internal/org/objectweb/asm/ClassWriter done
Event: 0.126 Loading class jdk/internal/org/objectweb/asm/SymbolTable
Event: 0.126 Loading class jdk/internal/org/objectweb/asm/SymbolTable done
Event: 0.126 Loading class jdk/internal/org/objectweb/asm/SymbolTable$Entry
Event: 0.126 Loading class jdk/internal/org/objectweb/asm/Symbol
Event: 0.126 Loading class jdk/internal/org/objectweb/asm/Symbol done
Event: 0.126 Loading class jdk/internal/org/objectweb/asm/SymbolTable$Entry done
Event: 0.126 Loading class jdk/internal/org/objectweb/asm/ByteVector
Event: 0.126 Loading class jdk/internal/org/objectweb/asm/ByteVector done
Event: 0.126 Loading class sun/invoke/util/BytecodeDescriptor
Event: 0.126 Loading class sun/invoke/util/BytecodeDescriptor done
Event: 0.126 Loading class jdk/internal/org/objectweb/asm/MethodWriter

Classes unloaded (0 events):
No events

Classes redefined (0 events):
No events

Internal exceptions (0 events):
No events

ZGC Phase Switch (0 events):
No events

VM Operations (0 events):
No events

Events (8 events):
Event: 0.012 Thread 0x000001a98dae1c10 Thread added: 0x000001a98dae1c10
Event: 0.063 Thread 0x000001a9ad0b9000 Thread added: 0x000001a9ad0b9000
Event: 0.063 Thread 0x000001a9ad0dceb0 Thread added: 0x000001a9ad0dceb0
Event: 0.064 Thread 0x000001a9ad109660 Thread added: 0x000001a9ad109660
Event: 0.064 Thread 0x000001a9ad0df290 Thread added: 0x000001a9ad0df290
Event: 0.064 Thread 0x000001a9ad0e0d00 Thread added: 0x000001a9ad0e0d00
Event: 0.064 Thread 0x000001a9ad0e1760 Thread added: 0x000001a9ad0e1760
Event: 0.064 Thread 0x000001a9ad0e21c0 Thread added: 0x000001a9ad0e21c0


Dynamic libraries:
0x00007ff6d23f0000 - 0x00007ff6d2400000 	C:\Program Files\Java\jdk-21\bin\java.exe
0x00007ffa39730000 - 0x00007ffa39947000 	C:\Windows\SYSTEM32\ntdll.dll
0x00007ffa38030000 - 0x00007ffa380f4000 	C:\Windows\System32\KERNEL32.DLL
0x00007ffa36b60000 - 0x00007ffa36f06000 	C:\Windows\System32\KERNELBASE.dll
0x00007ffa36f10000 - 0x00007ffa37021000 	C:\Windows\System32\ucrtbase.dll
0x00007ffa32690000 - 0x00007ffa326a9000 	C:\Program Files\Java\jdk-21\bin\jli.dll
0x00007ffa31bf0000 - 0x00007ffa31c0b000 	C:\Program Files\Java\jdk-21\bin\VCRUNTIME140.dll
0x00007ffa395f0000 - 0x00007ffa396a1000 	C:\Windows\System32\ADVAPI32.dll
0x00007ffa38b90000 - 0x00007ffa38c37000 	C:\Windows\System32\msvcrt.dll
0x00007ffa394b0000 - 0x00007ffa39555000 	C:\Windows\System32\sechost.dll
0x00007ffa38250000 - 0x00007ffa38367000 	C:\Windows\System32\RPCRT4.dll
0x00007ffa383a0000 - 0x00007ffa3854e000 	C:\Windows\System32\USER32.dll
0x00007ffa37030000 - 0x00007ffa37056000 	C:\Windows\System32\win32u.dll
0x00007ffa37900000 - 0x00007ffa37929000 	C:\Windows\System32\GDI32.dll
0x00007ffa37060000 - 0x00007ffa37178000 	C:\Windows\System32\gdi32full.dll
0x00007ffa373e0000 - 0x00007ffa3747a000 	C:\Windows\System32\msvcp_win.dll
0x00007ffa20c50000 - 0x00007ffa20ee3000 	C:\Windows\WinSxS\amd64_microsoft.windows.common-controls_6595b64144ccf1df_6.0.22621.2506_none_270c5ae97388e100\COMCTL32.dll
0x00007ffa30be0000 - 0x00007ffa30bea000 	C:\Windows\SYSTEM32\VERSION.dll
0x00007ffa396b0000 - 0x00007ffa396e1000 	C:\Windows\System32\IMM32.DLL
0x00007ffa32680000 - 0x00007ffa3268c000 	C:\Program Files\Java\jdk-21\bin\vcruntime140_1.dll
0x00007ffa25170000 - 0x00007ffa251fe000 	C:\Program Files\Java\jdk-21\bin\msvcp140.dll
0x00007ff9efe40000 - 0x00007ff9f0b55000 	C:\Program Files\Java\jdk-21\bin\server\jvm.dll
0x00007ffa39570000 - 0x00007ffa395e1000 	C:\Windows\System32\WS2_32.dll
0x00007ffa358c0000 - 0x00007ffa3590d000 	C:\Windows\SYSTEM32\POWRPROF.dll
0x00007ffa2ec00000 - 0x00007ffa2ec34000 	C:\Windows\SYSTEM32\WINMM.dll
0x00007ffa358a0000 - 0x00007ffa358b3000 	C:\Windows\SYSTEM32\UMPDC.dll
0x00007ffa35b60000 - 0x00007ffa35b78000 	C:\Windows\SYSTEM32\kernel.appcore.dll
0x00007ffa30920000 - 0x00007ffa3092a000 	C:\Program Files\Java\jdk-21\bin\jimage.dll
0x00007ffa34140000 - 0x00007ffa34373000 	C:\Windows\SYSTEM32\DBGHELP.DLL
0x00007ffa38800000 - 0x00007ffa38b89000 	C:\Windows\System32\combase.dll
0x00007ffa37e50000 - 0x00007ffa37f27000 	C:\Windows\System32\OLEAUT32.dll
0x00007ffa0bbe0000 - 0x00007ffa0bc12000 	C:\Windows\SYSTEM32\dbgcore.DLL
0x00007ffa37180000 - 0x00007ffa371fa000 	C:\Windows\System32\bcryptPrimitives.dll
0x00007ffa308f0000 - 0x00007ffa308ff000 	C:\Program Files\Java\jdk-21\bin\instrument.dll
0x00007ffa30900000 - 0x00007ffa3091f000 	C:\Program Files\Java\jdk-21\bin\java.dll
0x00007ffa38c40000 - 0x00007ffa3949a000 	C:\Windows\System32\SHELL32.dll
0x00007ffa34980000 - 0x00007ffa35276000 	C:\Windows\SYSTEM32\windows.storage.dll
0x00007ffa34840000 - 0x00007ffa3497e000 	C:\Windows\SYSTEM32\wintypes.dll
0x00007ffa37f30000 - 0x00007ffa38023000 	C:\Windows\System32\SHCORE.dll
0x00007ffa37b10000 - 0x00007ffa37b6e000 	C:\Windows\System32\shlwapi.dll
0x00007ffa369d0000 - 0x00007ffa369f6000 	C:\Windows\SYSTEM32\profapi.dll

dbghelp: loaded successfully - version: 4.0.5 - missing functions: none
symbol engine: initialized successfully - sym options: 0x614 - pdb path: .;C:\Program Files\Java\jdk-21\bin;C:\Windows\SYSTEM32;C:\Windows\WinSxS\amd64_microsoft.windows.common-controls_6595b64144ccf1df_6.0.22621.2506_none_270c5ae97388e100;C:\Program Files\Java\jdk-21\bin\server

VM Arguments:
jvm_args: -XX:TieredStopAtLevel=1 -Dspring.output.ansi.enabled=always -Dcom.sun.management.jmxremote -Dspring.jmx.enabled=true -Dspring.liveBeansView.mbeanDomain -Dspring.application.admin.enabled=true -Dmanagement.endpoints.jmx.exposure.include=* -javaagent:D:\Softwares\Intellij Idea\Intellij_Idea\ideaIU-2023.2.5\lib\idea_rt.jar=51685:D:\Softwares\Intellij Idea\Intellij_Idea\ideaIU-2023.2.5\bin -Dfile.encoding=UTF-8 -Dsun.stdout.encoding=UTF-8 -Dsun.stderr.encoding=UTF-8 
java_command: org.dailycodebuffer.codebufferspringbootmongodb.CodeBufferSpringBootMongoDbApplication
java_class_path (initial): D:\jlab\IdeaWorkSpace2023\CodeBufferSpringBootMongoDB\target\classes;C:\Users\prath\.m2\repository\org\springframework\boot\spring-boot-starter-data-mongodb\3.2.0\spring-boot-starter-data-mongodb-3.2.0.jar;C:\Users\prath\.m2\repository\org\springframework\boot\spring-boot-starter\3.2.0\spring-boot-starter-3.2.0.jar;C:\Users\prath\.m2\repository\org\springframework\boot\spring-boot\3.2.0\spring-boot-3.2.0.jar;C:\Users\prath\.m2\repository\org\springframework\boot\spring-boot-autoconfigure\3.2.0\spring-boot-autoconfigure-3.2.0.jar;C:\Users\prath\.m2\repository\org\springframework\boot\spring-boot-starter-logging\3.2.0\spring-boot-starter-logging-3.2.0.jar;C:\Users\prath\.m2\repository\ch\qos\logback\logback-classic\1.4.11\logback-classic-1.4.11.jar;C:\Users\prath\.m2\repository\ch\qos\logback\logback-core\1.4.11\logback-core-1.4.11.jar;C:\Users\prath\.m2\repository\org\apache\logging\log4j\log4j-to-slf4j\2.21.1\log4j-to-slf4j-2.21.1.jar;C:\Users\prath\.m2\repository\org\apache\logging\log4j\log4j-api\2.21.1\log4j-api-2.21.1.jar;C:\Users\prath\.m2\repository\org\slf4j\jul-to-slf4j\2.0.9\jul-to-slf4j-2.0.9.jar;C:\Users\prath\.m2\repository\jakarta\annotation\jakarta.annotation-api\2.1.1\jakarta.annotation-api-2.1.1.jar;C:\Users\prath\.m2\repository\org\yaml\snakeyaml\2.2\snakeyaml-2.2.jar;C:\Users\prath\.m2\repository\org\mongodb\mongodb-driver-sync\4.11.1\mongodb-driver-sync-4.11.1.jar;C:\Users\prath\.m2\repository\org\mongodb\bson\4.11.1\bson-4.11.1.jar;C:\Users\prath\.m2\repository\org\mongodb\mongodb-driver-core\4.11.1\mongodb-driver-core-4.11.1.jar;C:\Users\prath\.m2\repository\org\mongodb\bson-record-codec\4.11.1\bson-record-codec-4.11.1.jar;C:\Users\prath\.m2\repository\org\springframework\data\spring-data-mongodb\4.2.0\spring-data-mongodb-4.2.0.jar;C:\Users\prath\.m2\repository\org\springframework\spring-tx\6.1.1\spring-tx-6.1.1.jar;C:\Users\prath\.m2\repository\org\springframework\spring-context\6.1.1\spring-context-6.1.1.jar;C:\Users\prath\.m2\repository\org\springframework\spring-beans\6.1.1\spring-beans-6.1.1.jar;C:\Users\prath\.m2\repository\org\springframework\spring-expression\6.1.1\spring-expression-6.1.1.jar;C:\Users\prath\.m2\repository\org\springframework\data\spring-data-commons\3.2.0\spring-data-commons-3.2.0.jar;C:\Users\prath\.m2\repository\org\slf4j\slf4j-api\2.0.9\slf4j-api-2.0.9.jar;C:\Users\prath\.m2\repository\org\springframework\boot\spring-boot-starter-validation\3.2.0\spring-boot-starter-validation-3.2.0.jar;C:\Users\prath\.m2\repository\org\apache\tomcat\embed\tomcat-embed-el\10.1.16\tomcat-embed-el-10.1.16.jar;C:\Users\prath\.m2\repository\org\hibernate\validator\hibernate-validator\8.0.1.Final\hibernate-validator-8.0.1.Final.jar;C:\Users\prath\.m2\repository\jakarta\validation\jakarta.validation-api\3.0.2\jakarta.validation-api-3.0.2.jar;C:\Users\prath\.m2\repository\org\jboss\logging\jboss-logging\3.5.3.Final\jboss-logging-3.5.3.Final.jar;C:\Users\prath\.m2\repository\com\fasterxml\classmate\1.6.0\classmate-1.6.0.jar;C:\Users\prath\.m2\repository\org\springframework\boot\spring-boot-starter-web\3.2.0\spring-boot-starter-web-3.2.0.jar;C:\Users\prath\.m2\repository\org\springframework\boot\spring-boot-starter-json\3.2.0\spring-boot-starter-json-3.2.0.jar;C:\Users\prath\.m2\repository\com\fasterxml\jackson\core\jackson-databind\2.15.3\jackson-databind-2.15.3.jar;C:\Users\prath\.m2\repository\com\fasterxml\jackson\core\jackson-annotations\2.15.3\jackson-annotations-2.15.3.jar;C:\Users\prath\.m2\repository\com\fasterxml\jackson\core\jackson-core\2.15.3\jackson-core-2.15.3.jar;C:\Users\prath\.m2\repository\com\fasterxml\jackson\datatype\jackson-datatype-jdk8\2.15.3\jackson-datatype-jdk8-2.15.3.jar;C:\Users\prath\.m2\repository\com\fasterxml\jackson\datatype\jackson-datatype-jsr310\2.15.3\jackson-datatype-jsr310-2.15.3.jar;C:\Users\prath\.m2\repository\com\fasterxml\jackson\module\jackson-module-parameter-names\2.15.3\jackson-module-parameter-names-2.15.3.jar;C:\Users\prath\.m2\repository\org\springframework\boot\spring-boot-starter-tomcat\3.2.0\spring-boot-starter-tomcat-3.2.0.jar;C:\Users\prath\.m2\repository\org\apache\tomcat\embed\tomcat-embed-core\10.1.16\tomcat-embed-core-10.1.16.jar;C:\Users\prath\.m2\repository\org\apache\tomcat\embed\tomcat-embed-websocket\10.1.16\tomcat-embed-websocket-10.1.16.jar;C:\Users\prath\.m2\repository\org\springframework\spring-web\6.1.1\spring-web-6.1.1.jar;C:\Users\prath\.m2\repository\io\micrometer\micrometer-observation\1.12.0\micrometer-observation-1.12.0.jar;C:\Users\prath\.m2\repository\io\micrometer\micrometer-commons\1.12.0\micrometer-commons-1.12.0.jar;C:\Users\prath\.m2\repository\org\springframework\spring-webmvc\6.1.1\spring-webmvc-6.1.1.jar;C:\Users\prath\.m2\repository\org\springframework\spring-aop\6.1.1\spring-aop-6.1.1.jar;C:\Users\prath\.m2\repository\org\projectlombok\lombok\1.18.30\lombok-1.18.30.jar;C:\Users\prath\.m2\repository\org\springdoc\springdoc-openapi-starter-webmvc-ui\2.3.0\springdoc-openapi-starter-webmvc-ui-2.3.0.jar;C:\Users\prath\.m2\repository\org\springdoc\springdoc-openapi-starter-webmvc-api\2.3.0\springdoc-openapi-starter-webmvc-api-2.3.0.jar;C:\Users\prath\.m2\repository\org\springdoc\springdoc-openapi-starter-common\2.3.0\springdoc-openapi-starter-common-2.3.0.jar;C:\Users\prath\.m2\repository\io\swagger\core\v3\swagger-core-jakarta\2.2.19\swagger-core-jakarta-2.2.19.jar;C:\Users\prath\.m2\repository\org\apache\commons\commons-lang3\3.13.0\commons-lang3-3.13.0.jar;C:\Users\prath\.m2\repository\io\swagger\core\v3\swagger-annotations-jakarta\2.2.19\swagger-annotations-jakarta-2.2.19.jar;C:\Users\prath\.m2\repository\io\swagger\core\v3\swagger-models-jakarta\2.2.19\swagger-models-jakarta-2.2.19.jar;C:\Users\prath\.m2\repository\com\fasterxml\jackson\dataformat\jackson-dataformat-yaml\2.15.3\jackson-dataformat-yaml-2.15.3.jar;C:\Users\prath\.m2\repository\org\webjars\swagger-ui\5.10.3\swagger-ui-5.10.3.jar;C:\Users\prath\.m2\repository\com\querydsl\querydsl-mongodb\5.0.0\querydsl-mongodb-5.0.0.jar;C:\Users\prath\.m2\repository\org\mongodb\mongo-java-driver\3.12.8\mongo-java-driver-3.12.8.jar;C:\Users\prath\.m2\repository\com\querydsl\querydsl-core\5.0.0\querydsl-core-5.0.0.jar;C:\Users\prath\.m2\repository\com\mysema\commons\mysema-commons-lang\0.2.4\mysema-commons-lang-0.2.4.jar;C:\Users\prath\.m2\repository\com\querydsl\querydsl-apt\5.0.0\querydsl-apt-5.0.0.jar;C:\Users\prath\.m2\repository\com\querydsl\querydsl-codegen\5.0.0\querydsl-codegen-5.0.0.jar;C:\Users\prath\.m2\repository\com\querydsl\codegen-utils\5.0.0\codegen-utils-5.0.0.jar;C:\Users\prath\.m2\repository\org\eclipse\jdt\ecj\3.26.0\ecj-3.26.0.jar;C:\Users\prath\.m2\repository\javax\inject\javax.inject\1\javax.inject-1.jar;C:\Users\prath\.m2\repository\io\github\classgraph\classgraph\4.8.108\classgraph-4.8.108.jar;C:\Users\prath\.m2\repository\jakarta\xml\bind\jakarta.xml.bind-api\4.0.1\jakarta.xml.bind-api-4.0.1.jar;C:\Users\prath\.m2\repository\jakarta\activation\jakarta.activation-api\2.1.2\jakarta.activation-api-2.1.2.jar;C:\Users\prath\.m2\repository\org\springframework\spring-core\6.1.1\spring-core-6.1.1.jar;C:\Users\prath\.m2\repository\org\springframework\spring-jcl\6.1.1\spring-jcl-6.1.1.jar
Launcher Type: SUN_STANDARD

[Global flags]
     intx CICompilerCount                          = 12                                        {product} {ergonomic}
     uint ConcGCThreads                            = 4                                         {product} {ergonomic}
     uint G1ConcRefinementThreads                  = 15                                        {product} {ergonomic}
   size_t G1HeapRegionSize                         = 4194304                                   {product} {ergonomic}
    uintx GCDrainStackTargetSize                   = 64                                        {product} {ergonomic}
   size_t InitialHeapSize                          = 532676608                                 {product} {ergonomic}
     bool ManagementServer                         = true                                      {product} {command line}
   size_t MarkStackSize                            = 4194304                                   {product} {ergonomic}
   size_t MaxHeapSize                              = 8493465600                                {product} {ergonomic}
   size_t MaxNewSize                               = 5096079360                                {product} {ergonomic}
   size_t MinHeapDeltaBytes                        = 4194304                                   {product} {ergonomic}
   size_t MinHeapSize                              = 8388608                                   {product} {ergonomic}
    uintx NonNMethodCodeHeapSize                   = 4096                                   {pd product} {ergonomic}
    uintx NonProfiledCodeHeapSize                  = 0                                      {pd product} {ergonomic}
     bool ProfileInterpreter                       = false                                  {pd product} {command line}
    uintx ProfiledCodeHeapSize                     = 0                                      {pd product} {ergonomic}
   size_t SoftMaxHeapSize                          = 8493465600                             {manageable} {ergonomic}
     intx TieredStopAtLevel                        = 1                                         {product} {command line}
     bool UseCompressedOops                        = true                           {product lp64_product} {ergonomic}
     bool UseG1GC                                  = true                                      {product} {ergonomic}
     bool UseLargePagesIndividualAllocation        = false                                  {pd product} {ergonomic}

Logging:
Log output configuration:
 #0: stdout all=warning uptime,level,tags foldmultilines=false
 #1: stderr all=off uptime,level,tags foldmultilines=false

Environment Variables:
PATH=C:\Program Files\Python312\Scripts\;C:\Program Files\Python312\;C:\Program Files\Common Files\Oracle\Java\javapath;C:\Windows\system32;C:\Windows;C:\Windows\System32\Wbem;C:\Windows\System32\WindowsPowerShell\v1.0\;C:\Windows\System32\OpenSSH\;C:\Program Files (x86)\NVIDIA Corporation\PhysX\Common;C:\Program Files\NVIDIA Corporation\NVIDIA NvDLISR;C:\Program Files\dotnet\;C:\Program Files\Java\jdk-21\bin;C:\Program Files\Apache\apache-maven-3.9.5\bin;C:\Program Files\Git\cmd;C:\Program Files\Docker\Docker\resources\bin;C:\Program Files\Git\bin;C:\Program Files\Curl\bin;C:\Program Files\MySQL\MySQL Server 8.0\bin;C:\Program Files\MongoDB\Server\7.0\bin;C:\Program Files\nodejs\;C:\ProgramData\chocolatey\bin;C:\Program Files\MySQL\MySQL Shell 8.0\bin\;C:\Users\prath\AppData\Local\Programs\Python\Launcher\;C:\Users\prath\AppData\Local\Microsoft\WindowsApps;C:\Users\prath\AppData\Local\Programs\Microsoft VS Code\bin;C:\Program Files\Java\jdk-21.0.1\bin;C:\Users\prath\AppData\Roaming\Python\Python312\Scripts\;C:\Users\prath\ffmpeg\bin;C:\Users\prath\AppData\Roaming\npm;C:\Users\prath\AppData\Local\Programs\mongosh\
USERNAME=prath
OS=Windows_NT
PROCESSOR_IDENTIFIER=Intel64 Family 6 Model 154 Stepping 3, GenuineIntel
TMP=C:\Users\prath\AppData\Local\Temp
TEMP=C:\Users\prath\AppData\Local\Temp




Periodic native trim disabled

---------------  S Y S T E M  ---------------

OS:
 Windows 11 , 64 bit Build 22621 (10.0.22621.2506)
OS uptime: 4 days 19:39 hours
Hyper-V role detected

CPU: total 20 (initial active 20) (10 cores per cpu, 2 threads per core) family 6 model 154 stepping 3 microcode 0x423, cx8, cmov, fxsr, ht, mmx, 3dnowpref, sse, sse2, sse3, ssse3, sse4.1, sse4.2, popcnt, lzcnt, tsc, tscinvbit, avx, avx2, aes, erms, clmul, bmi1, bmi2, adx, sha, fma, vzeroupper, clflush, clflushopt, clwb, hv, serialize, rdtscp, rdpid, fsrm, f16c, cet_ibt, cet_ss
Processor Information for processor 0
  Max Mhz: 2300, Current Mhz: 2300, Mhz Limit: 2300
Processor Information for processor 1
  Max Mhz: 2300, Current Mhz: 2300, Mhz Limit: 2300
Processor Information for processor 2
  Max Mhz: 2300, Current Mhz: 2300, Mhz Limit: 2300
Processor Information for processor 3
  Max Mhz: 2300, Current Mhz: 1506, Mhz Limit: 2300
Processor Information for processor 4
  Max Mhz: 2300, Current Mhz: 2300, Mhz Limit: 2300
Processor Information for processor 5
  Max Mhz: 2300, Current Mhz: 2300, Mhz Limit: 2300
Processor Information for processor 6
  Max Mhz: 2300, Current Mhz: 2300, Mhz Limit: 2300
Processor Information for processor 7
  Max Mhz: 2300, Current Mhz: 1506, Mhz Limit: 2300
Processor Information for processor 8
  Max Mhz: 2300, Current Mhz: 2300, Mhz Limit: 2300
Processor Information for processor 9
  Max Mhz: 2300, Current Mhz: 2300, Mhz Limit: 2300
Processor Information for processor 10
  Max Mhz: 2300, Current Mhz: 2300, Mhz Limit: 2300
Processor Information for processor 11
  Max Mhz: 2300, Current Mhz: 2300, Mhz Limit: 2300
Processor Information for processor 12
  Max Mhz: 2300, Current Mhz: 2300, Mhz Limit: 2300
Processor Information for processor 13
  Max Mhz: 2300, Current Mhz: 2300, Mhz Limit: 2300
Processor Information for processor 14
  Max Mhz: 2300, Current Mhz: 1488, Mhz Limit: 2300
Processor Information for processor 15
  Max Mhz: 2300, Current Mhz: 1488, Mhz Limit: 2300
Processor Information for processor 16
  Max Mhz: 2300, Current Mhz: 2300, Mhz Limit: 2300
Processor Information for processor 17
  Max Mhz: 2300, Current Mhz: 2300, Mhz Limit: 2300
Processor Information for processor 18
  Max Mhz: 2300, Current Mhz: 2300, Mhz Limit: 2300
Processor Information for processor 19
  Max Mhz: 2300, Current Mhz: 2300, Mhz Limit: 2300

Memory: 4k page, system-wide physical 32388M (2938M free)
TotalPageFile size 60568M (AvailPageFile size 620M)
current process WorkingSet (physical memory assigned to process): 28M, peak: 28M
current process commit charge ("private bytes"): 599M, peak: 602M

vm_info: Java HotSpot(TM) 64-Bit Server VM (21.0.1+12-LTS-29) for windows-amd64 JRE (21.0.1+12-LTS-29), built on 2023-10-05T13:27:09Z by "mach5one" with MS VC++ 17.1 (VS2022)

END.
