#
# There is insufficient memory for the Java Runtime Environment to continue.
# Native memory allocation (mmap) failed to map 65536 bytes for Failed to commit metaspace.
# Possible reasons:
#   The system is out of physical RAM or swap space
#   The process is running with CompressedOops enabled, and the Java Heap may be blocking the growth of the native heap
# Possible solutions:
#   Reduce memory load on the system
#   Increase physical memory or swap space
#   Check if swap backing store is full
#   Decrease Java heap size (-Xmx/-Xms)
#   Decrease number of Java threads
#   Decrease Java thread stack sizes (-Xss)
#   Set larger code cache with -XX:ReservedCodeCacheSize=
#   JVM is running with Zero Based Compressed Oops mode in which the Java heap is
#     placed in the first 32GB address space. The Java Heap base address is the
#     maximum limit for the native heap growth. Please use -XX:HeapBaseMinAddress
#     to set the Java Heap base and to place the Java Heap above 32GB virtual address.
# This output file may be truncated or incomplete.
#
#  Out of Memory Error (virtualSpaceNode.cpp:112), pid=9060, tid=9344
#
# JRE version: Java(TM) SE Runtime Environment (21.0.1+12) (build 21.0.1+12-LTS-29)
# Java VM: Java HotSpot(TM) 64-Bit Server VM (21.0.1+12-LTS-29, mixed mode, emulated-client, sharing, tiered, compressed oops, compressed class ptrs, g1 gc, windows-amd64)
# No core dump will be written. Minidumps are not enabled by default on client versions of Windows
#

---------------  S U M M A R Y ------------

Command Line: -XX:TieredStopAtLevel=1 -Dspring.output.ansi.enabled=always -Dcom.sun.management.jmxremote -Dspring.jmx.enabled=true -Dspring.liveBeansView.mbeanDomain -Dspring.application.admin.enabled=true -Dmanagement.endpoints.jmx.exposure.include=* -javaagent:D:\Softwares\Intellij Idea\Intellij_Idea\ideaIU-2023.2.5\lib\idea_rt.jar=51807:D:\Softwares\Intellij Idea\Intellij_Idea\ideaIU-2023.2.5\bin -Dfile.encoding=UTF-8 -Dsun.stdout.encoding=UTF-8 -Dsun.stderr.encoding=UTF-8 org.dailycodebuffer.codebufferspringbootmongodb.CodeBufferSpringBootMongoDbApplication

Host: 12th Gen Intel(R) Core(TM) i7-12700H, 20 cores, 31G,  Windows 11 , 64 bit Build 22621 (10.0.22621.2506)
Time: Mon Jan  8 18:26:10 2024 India Standard Time elapsed time: 0.611908 seconds (0d 0h 0m 0s)

---------------  T H R E A D  ---------------

Current thread (0x00000128694ccbb0):  JavaThread "main"             [_thread_in_vm, id=9344, stack(0x0000001414f00000,0x0000001415000000) (1024K)]

Stack: [0x0000001414f00000,0x0000001415000000]
Native frames: (J=compiled Java code, j=interpreted, Vv=VM code, C=native code)
V  [jvm.dll+0x6c9029]
V  [jvm.dll+0x854b81]
V  [jvm.dll+0x856e5e]
V  [jvm.dll+0x857543]
V  [jvm.dll+0x280c06]
V  [jvm.dll+0x8508ae]
V  [jvm.dll+0x66ca45]
V  [jvm.dll+0x1e677c]
V  [jvm.dll+0x1e654e]
V  [jvm.dll+0x66f35c]
V  [jvm.dll+0x66f172]
V  [jvm.dll+0x66d41e]
V  [jvm.dll+0x3bdcaf]
V  [jvm.dll+0x20fabb]
V  [jvm.dll+0x5ac706]
V  [jvm.dll+0x7cd90d]
V  [jvm.dll+0x4704ca]
V  [jvm.dll+0x4838d6]
C  [java.dll+0x1657]

Java frames: (J=compiled Java code, j=interpreted, Vv=VM code)
J 1673  java.lang.ClassLoader.defineClass0(Ljava/lang/ClassLoader;Ljava/lang/Class;Ljava/lang/String;[BIILjava/security/ProtectionDomain;ZILjava/lang/Object;)Ljava/lang/Class; java.base@21.0.1 (0 bytes) @ 0x000001287424b4bc [0x000001287424b3c0+0x00000000000000fc]
J 1672 c1 java.lang.System$2.defineClass(Ljava/lang/ClassLoader;Ljava/lang/Class;Ljava/lang/String;[BLjava/security/ProtectionDomain;ZILjava/lang/Object;)Ljava/lang/Class; java.base@21.0.1 (21 bytes) @ 0x000001287424cd3c [0x000001287424ccc0+0x000000000000007c]
J 1671 c1 java.lang.invoke.MethodHandles$Lookup$ClassDefiner.defineClass(ZLjava/lang/Object;)Ljava/lang/Class; java.base@21.0.1 (213 bytes) @ 0x000001287424dcbc [0x000001287424daa0+0x000000000000021c]
j  java.lang.invoke.InvokerBytecodeGenerator.loadMethod([B)Ljava/lang/invoke/MemberName;+22 java.base@21.0.1
j  java.lang.invoke.InvokerBytecodeGenerator.generateCustomizedCode(Ljava/lang/invoke/LambdaForm;Ljava/lang/invoke/MethodType;)Ljava/lang/invoke/MemberName;+30 java.base@21.0.1
j  java.lang.invoke.LambdaForm.compileToBytecode()V+69 java.base@21.0.1
j  java.lang.invoke.DirectMethodHandle.makePreparedLambdaForm(Ljava/lang/invoke/MethodType;I)Ljava/lang/invoke/LambdaForm;+750 java.base@21.0.1
J 949 c1 java.lang.invoke.DirectMethodHandle.preparedLambdaForm(Ljava/lang/invoke/MemberName;Z)Ljava/lang/invoke/LambdaForm; java.base@21.0.1 (244 bytes) @ 0x000001287411e8cc [0x000001287411e600+0x00000000000002cc]
J 1431 c1 java.lang.invoke.DirectMethodHandle.make(BLjava/lang/Class;Ljava/lang/invoke/MemberName;Ljava/lang/Class;)Ljava/lang/invoke/DirectMethodHandle; java.base@21.0.1 (275 bytes) @ 0x00000128741ee074 [0x00000128741ed920+0x0000000000000754]
J 1688 c1 java.lang.invoke.MethodHandles$Lookup.getDirectMethodCommon(BLjava/lang/Class;Ljava/lang/invoke/MemberName;ZZLjava/lang/invoke/MethodHandles$Lookup;)Ljava/lang/invoke/MethodHandle; java.base@21.0.1 (300 bytes) @ 0x0000012874253a54 [0x00000128742535c0+0x0000000000000494]
J 1758 c1 java.lang.invoke.MethodHandles$Lookup.getDirectMethodForConstant(BLjava/lang/Class;Ljava/lang/invoke/MemberName;)Ljava/lang/invoke/MethodHandle; java.base@21.0.1 (72 bytes) @ 0x0000012874271cdc [0x0000012874271a00+0x00000000000002dc]
J 1467 c1 java.lang.invoke.MethodHandles$Lookup.linkMethodHandleConstant(BLjava/lang/Class;Ljava/lang/String;Ljava/lang/Object;)Ljava/lang/invoke/MethodHandle; java.base@21.0.1 (223 bytes) @ 0x00000128741fba0c [0x00000128741fb3c0+0x000000000000064c]
J 1466 c1 java.lang.invoke.MethodHandleNatives.linkMethodHandleConstant(Ljava/lang/Class;ILjava/lang/Class;Ljava/lang/String;Ljava/lang/Object;)Ljava/lang/invoke/MethodHandle; java.base@21.0.1 (50 bytes) @ 0x00000128741fae54 [0x00000128741fade0+0x0000000000000074]
v  ~StubRoutines::call_stub 0x0000012873d0100d
j  org.springframework.boot.context.config.Profiles.expandProfiles(Ljava/util/List;)Ljava/util/List;+19
j  org.springframework.boot.context.config.Profiles.<init>(Lorg/springframework/core/env/Environment;Lorg/springframework/boot/context/properties/bind/Binder;Ljava/util/Collection;)V+37
j  org.springframework.boot.context.config.ConfigDataEnvironment.withProfiles(Lorg/springframework/boot/context/config/ConfigDataEnvironmentContributors;Lorg/springframework/boot/context/config/ConfigDataActivationContext;)Lorg/springframework/boot/context/config/ConfigDataActivationContext;+71
j  org.springframework.boot.context.config.ConfigDataEnvironment.processAndApply()V+77
j  org.springframework.boot.context.config.ConfigDataEnvironmentPostProcessor.postProcessEnvironment(Lorg/springframework/core/env/ConfigurableEnvironment;Lorg/springframework/core/io/ResourceLoader;Ljava/util/Collection;)V+34
j  org.springframework.boot.context.config.ConfigDataEnvironmentPostProcessor.postProcessEnvironment(Lorg/springframework/core/env/ConfigurableEnvironment;Lorg/springframework/boot/SpringApplication;)V+10
j  org.springframework.boot.env.EnvironmentPostProcessorApplicationListener.onApplicationEnvironmentPreparedEvent(Lorg/springframework/boot/context/event/ApplicationEnvironmentPreparedEvent;)V+55
j  org.springframework.boot.env.EnvironmentPostProcessorApplicationListener.onApplicationEvent(Lorg/springframework/context/ApplicationEvent;)V+14
j  org.springframework.context.event.SimpleApplicationEventMulticaster.doInvokeListener(Lorg/springframework/context/ApplicationListener;Lorg/springframework/context/ApplicationEvent;)V+2
j  org.springframework.context.event.SimpleApplicationEventMulticaster.invokeListener(Lorg/springframework/context/ApplicationListener;Lorg/springframework/context/ApplicationEvent;)V+34
j  org.springframework.context.event.SimpleApplicationEventMulticaster.multicastEvent(Lorg/springframework/context/ApplicationEvent;Lorg/springframework/core/ResolvableType;)V+92
j  org.springframework.context.event.SimpleApplicationEventMulticaster.multicastEvent(Lorg/springframework/context/ApplicationEvent;)V+3
j  org.springframework.boot.context.event.EventPublishingRunListener.multicastInitialEvent(Lorg/springframework/context/ApplicationEvent;)V+9
j  org.springframework.boot.context.event.EventPublishingRunListener.environmentPrepared(Lorg/springframework/boot/ConfigurableBootstrapContext;Lorg/springframework/core/env/ConfigurableEnvironment;)V+18
j  org.springframework.boot.SpringApplicationRunListeners.lambda$environmentPrepared$2(Lorg/springframework/boot/ConfigurableBootstrapContext;Lorg/springframework/core/env/ConfigurableEnvironment;Lorg/springframework/boot/SpringApplicationRunListener;)V+3
j  org.springframework.boot.SpringApplicationRunListeners$$Lambda+0x0000012809128000.accept(Ljava/lang/Object;)V+12
j  java.lang.Iterable.forEach(Ljava/util/function/Consumer;)V+30 java.base@21.0.1
j  org.springframework.boot.SpringApplicationRunListeners.doWithListeners(Ljava/lang/String;Ljava/util/function/Consumer;Ljava/util/function/Consumer;)V+17
j  org.springframework.boot.SpringApplicationRunListeners.doWithListeners(Ljava/lang/String;Ljava/util/function/Consumer;)V+4
j  org.springframework.boot.SpringApplicationRunListeners.environmentPrepared(Lorg/springframework/boot/ConfigurableBootstrapContext;Lorg/springframework/core/env/ConfigurableEnvironment;)V+10
j  org.springframework.boot.SpringApplication.prepareEnvironment(Lorg/springframework/boot/SpringApplicationRunListeners;Lorg/springframework/boot/DefaultBootstrapContext;Lorg/springframework/boot/ApplicationArguments;)Lorg/springframework/core/env/ConfigurableEnvironment;+27
j  org.springframework.boot.SpringApplication.run([Ljava/lang/String;)Lorg/springframework/context/ConfigurableApplicationContext;+62
j  org.springframework.boot.SpringApplication.run([Ljava/lang/Class;[Ljava/lang/String;)Lorg/springframework/context/ConfigurableApplicationContext;+9
j  org.springframework.boot.SpringApplication.run(Ljava/lang/Class;[Ljava/lang/String;)Lorg/springframework/context/ConfigurableApplicationContext;+9
j  org.dailycodebuffer.codebufferspringbootmongodb.CodeBufferSpringBootMongoDbApplication.main([Ljava/lang/String;)V+3
v  ~StubRoutines::call_stub 0x0000012873d0100d

Compiled method (n/a)     624 1673     n 0       java.lang.ClassLoader::defineClass0 (native)
 total in heap  [0x000001287424b210,0x000001287424b8a0] = 1680
 relocation     [0x000001287424b370,0x000001287424b3a8] = 56
 main code      [0x000001287424b3c0,0x000001287424b89a] = 1242
 stub code      [0x000001287424b89a,0x000001287424b8a0] = 6

[Constant Pool (empty)]

[MachCode]
[Entry Point]
  # {method} {0x000001280843c508} 'defineClass0' '(Ljava/lang/ClassLoader;Ljava/lang/Class;Ljava/lang/String;[BIILjava/security/ProtectionDomain;ZILjava/lang/Object;)Ljava/lang/Class;' in 'java/lang/ClassLoader'
  # parm0:    rdx:rdx   = 'java/lang/ClassLoader'
  # parm1:    r8:r8     = 'java/lang/Class'
  # parm2:    r9:r9     = 'java/lang/String'
  # parm3:    rdi:rdi   = '[B'
  # parm4:    rsi       = int
  # parm5:    rcx       = int
  # parm6:    [sp+0xb0]   = 'java/security/ProtectionDomain'  (sp of caller)
  # parm7:    [sp+0xb8]   = boolean
  # parm8:    [sp+0xc0]   = int
  # parm9:    [sp+0xc8]   = 'java/lang/Object'
  0x000001287424b3c0: 448b 5208 | 49bb 0000 | 0008 2801 | 0000 4d03 | d349 3bc2 | 0f84 0600 

  0x000001287424b3d8: ;   {runtime_call ic_miss_stub}
  0x000001287424b3d8: 0000 e9a1 | 33b0 ff90 
[Verified Entry Point]
  0x000001287424b3e0: 8984 2400 | 80ff ff55 | 488b ec48 | 81ec a000 | 0000 6690 | 4181 7f20 | 0100 0000 

  0x000001287424b3fc: ;   {runtime_call StubRoutines (final stubs)}
  0x000001287424b3fc: 7405 e85d | 99ae ff48 | 837d 2800 | 488d 4528 | 480f 4445 | 2848 8944 | 2458 4863 | 4520 4889 
  0x000001287424b41c: 4424 5048 | 6345 1848 | 8944 2448 | 4883 7d10 | 0048 8d45 | 1048 0f44 | 4510 4889 | 4424 4048 
  0x000001287424b43c: 894c 2438 | 4889 7424 | 3048 897c | 2478 4883 | ff00 488d | 4424 7848 | 0f44 4424 | 7848 8944 
  0x000001287424b45c: 2428 4c89 | 4c24 7049 | 83f9 0048 | 8d44 2470 | 480f 4444 | 2470 4889 | 4424 204c | 8944 2468 
  0x000001287424b47c: 4983 f800 | 4c8d 4c24 | 684c 0f44 | 4c24 6848 | 8954 2460 | 4883 fa00 | 4c8d 4424 | 604c 0f44 
  0x000001287424b49c: ;   {oop(a 'java/lang/Class'{0x0000000623c25c60} = 'java/lang/ClassLoader')}
  0x000001287424b49c: 4424 6049 | be60 5cc2 | 2306 0000 | 004c 89b4 | 2490 0000 | 004c 8db4 | 2490 0000 | 0049 8bd6 
  0x000001287424b4bc: ;   {internal_word}
  0x000001287424b4bc: c5f8 7749 | babc b424 | 7428 0100 | 004d 8997 | a003 0000 | 4989 a798 

  0x000001287424b4d4: ;   {external_word}
  0x000001287424b4d4: 0300 0049 | bac9 2599 | c4f9 7f00 | 0041 803a | 000f 844e | 0000 0052 | 4150 4151 

  0x000001287424b4f0: ;   {metadata({method} {0x000001280843c508} 'defineClass0' '(Ljava/lang/ClassLoader;Ljava/lang/Class;Ljava/lang/String;[BIILjava/security/ProtectionDomain;ZILjava/lang/Object;)Ljava/lang/Class;' in 'java/lang/ClassLoader')}
  0x000001287424b4f0: 48ba 00c5 | 4308 2801 | 0000 498b | cf48 83ec | 2040 f6c4 | 0f0f 8419 | 0000 0048 

  0x000001287424b50c: ;   {runtime_call}
  0x000001287424b50c: 83ec 0848 | b830 eb49 | c4f9 7f00 | 00ff d048 | 83c4 08e9 | 0c00 0000 

  0x000001287424b524: ;   {runtime_call}
  0x000001287424b524: 48b8 30eb | 49c4 f97f | 0000 ffd0 | 4883 c420 | 4159 4158 | 5a49 8d8f | b803 0000 | 41c7 874c 
  0x000001287424b544: 0400 0004 

  0x000001287424b548: ;   {runtime_call}
  0x000001287424b548: 0000 0048 | b81c 15d0 | 2ffa 7f00 | 00ff d0c5 | f877 41c7 | 874c 0400 | 0005 0000 | 00f0 8344 
  0x000001287424b568: 24c0 0049 | 3baf 5004 | 0000 0f87 | 0e00 0000 | 4183 bf48 | 0400 0000 | 0f84 2b00 | 0000 c5f8 
  0x000001287424b588: 7748 8945 | f849 8bcf | 4c8b e448 | 83ec 2048 

  0x000001287424b598: ;   {runtime_call}
  0x000001287424b598: 83e4 f048 | b8c0 be15 | c4f9 7f00 | 00ff d049 | 8be4 4d33 | e448 8b45 | f841 c787 | 4c04 0000 
  0x000001287424b5b8: 0800 0000 | 4183 bfc8 | 0400 0002 | 0f84 a302 

  0x000001287424b5c8: ;   {external_word}
  0x000001287424b5c8: 0000 49ba | c925 99c4 | f97f 0000 | 4180 3a00 | 0f84 4c00 | 0000 4889 

  0x000001287424b5e0: ;   {metadata({method} {0x000001280843c508} 'defineClass0' '(Ljava/lang/ClassLoader;Ljava/lang/Class;Ljava/lang/String;[BIILjava/security/ProtectionDomain;ZILjava/lang/Object;)Ljava/lang/Class;' in 'java/lang/ClassLoader')}
  0x000001287424b5e0: 45f8 48ba | 00c5 4308 | 2801 0000 | 498b cf48 | 83ec 2040 | f6c4 0f0f | 8419 0000 | 0048 83ec 
  0x000001287424b600: ;   {runtime_call}
  0x000001287424b600: 0848 b830 | eb49 c4f9 | 7f00 00ff | d048 83c4 | 08e9 0c00 

  0x000001287424b614: ;   {runtime_call}
  0x000001287424b614: 0000 48b8 | 30eb 49c4 | f97f 0000 | ffd0 4883 | c420 488b | 45f8 49c7 | 8798 0300 | 0000 0000 
  0x000001287424b634: 0049 c787 | a003 0000 | 0000 0000 | c5f8 7748 | 85c0 0f84 | fe01 0000 | a803 0f85 | 0800 0000 
  0x000001287424b654: 488b 00e9 | ee01 0000 | a801 0f85 | 0900 0000 | 488b 40fe | e9dd 0100 | 0048 8b40 | ff41 807f 
  0x000001287424b674: 4000 0f84 | ce01 0000 | 4883 f800 | 0f84 c401 | 0000 498b | 4f28 4883 | f900 0f84 | 1400 0000 
  0x000001287424b694: 4883 e908 | 4989 4f28 | 4903 4f38 | 4889 01e9 | a201 0000 | 4881 ecd0 | 0000 0048 | 8904 2448 
  0x000001287424b6b4: 894c 2408 | 4889 5424 | 1048 8974 | 2418 4889 | 7c24 204c | 8944 2428 | 4c89 4c24 | 304c 8954 
  0x000001287424b6d4: 2438 4c89 | 5c24 40c5 | fb11 4424 | 50c5 fb11 | 4c24 58c5 | fb11 5424 | 60c5 fb11 | 5c24 68c5 
  0x000001287424b6f4: fb11 6424 | 70c5 fb11 | 6c24 78c5 | fb11 b424 | 8000 0000 | c5fb 11bc | 2488 0000 | 00c5 7b11 
  0x000001287424b714: ;   {no_reloc}
  0x000001287424b714: 8424 9000 | 0000 c57b | 118c 2498 | 0000 00c5 | 7b11 9424 | a000 0000 | c57b 119c | 24a8 0000 
  0x000001287424b734: 00c5 7b11 | a424 b000 | 0000 c57b | 11ac 24b8 | 0000 00c5 | 7b11 b424 | c000 0000 | c57b 11bc 
  0x000001287424b754: 24c8 0000 | 0049 8bd7 | 488b c848 | 83ec 2040 | f6c4 0f0f | 8419 0000 | 0048 83ec 

  0x000001287424b770: ;   {runtime_call}
  0x000001287424b770: 0848 b8b0 | 2209 c4f9 | 7f00 00ff | d048 83c4 | 08e9 0c00 

  0x000001287424b784: ;   {runtime_call}
  0x000001287424b784: 0000 48b8 | b022 09c4 | f97f 0000 | ffd0 4883 | c420 c57b | 10bc 24c8 | 0000 00c5 | 7b10 b424 
  0x000001287424b7a4: c000 0000 | c57b 10ac | 24b8 0000 | 00c5 7b10 | a424 b000 | 0000 c57b | 109c 24a8 | 0000 00c5 
  0x000001287424b7c4: 7b10 9424 | a000 0000 | c57b 108c | 2498 0000 | 00c5 7b10 | 8424 9000 | 0000 c5fb | 10bc 2488 
  0x000001287424b7e4: 0000 00c5 | fb10 b424 | 8000 0000 | c5fb 106c | 2478 c5fb | 1064 2470 | c5fb 105c | 2468 c5fb 
  0x000001287424b804: 1054 2460 | c5fb 104c | 2458 c5fb | 1044 2450 | 4c8b 5c24 | 404c 8b54 | 2438 4c8b | 4c24 304c 
  0x000001287424b824: 8b44 2428 | 488b 7c24 | 2048 8b74 | 2418 488b | 5424 1048 | 8b4c 2408 | 488b 0424 | 4881 c4d0 
  0x000001287424b844: 0000 00c5 | f877 498b | 8f28 0400 | 00c7 8100 | 0100 0000 | 0000 00c9 | 4983 7f08 | 000f 8501 
  0x000001287424b864: 0000 00c3 

  0x000001287424b868: ;   {runtime_call StubRoutines (initial stubs)}
  0x000001287424b868: e993 56ab | ffc5 f877 | 4889 45f8 | 4c8b e448 | 83ec 2048 

  0x000001287424b87c: ;   {runtime_call}
  0x000001287424b87c: 83e4 f048 | b860 234a | c4f9 7f00 | 00ff d049 | 8be4 4d33 | e448 8b45 | f8e9 30fd | ffff f4f4 
  0x000001287424b89c: f4f4 f4f4 
[/MachCode]


Compiled method (c1)     635 1672       1       java.lang.System$2::defineClass (21 bytes)
 total in heap  [0x000001287424cb10,0x000001287424ce60] = 848
 relocation     [0x000001287424cc70,0x000001287424cca8] = 56
 main code      [0x000001287424ccc0,0x000001287424cda0] = 224
 stub code      [0x000001287424cda0,0x000001287424cde0] = 64
 metadata       [0x000001287424cde0,0x000001287424cde8] = 8
 scopes data    [0x000001287424cde8,0x000001287424ce08] = 32
 scopes pcs     [0x000001287424ce08,0x000001287424ce48] = 64
 dependencies   [0x000001287424ce48,0x000001287424ce50] = 8
 nul chk table  [0x000001287424ce50,0x000001287424ce60] = 16

[Constant Pool (empty)]

[MachCode]
[Entry Point]
  # {method} {0x0000012808019490} 'defineClass' '(Ljava/lang/ClassLoader;Ljava/lang/Class;Ljava/lang/String;[BLjava/security/ProtectionDomain;ZILjava/lang/Object;)Ljava/lang/Class;' in 'java/lang/System$2'
  # this:     rdx:rdx   = 'java/lang/System$2'
  # parm0:    r8:r8     = 'java/lang/ClassLoader'
  # parm1:    r9:r9     = 'java/lang/Class'
  # parm2:    rdi:rdi   = 'java/lang/String'
  # parm3:    rsi:rsi   = '[B'
  # parm4:    rcx:rcx   = 'java/security/ProtectionDomain'
  # parm5:    [sp+0x70]   = boolean  (sp of caller)
  # parm6:    [sp+0x78]   = int
  # parm7:    [sp+0x80]   = 'java/lang/Object'
  0x000001287424ccc0: 448b 5208 | 49bb 0000 | 0008 2801 | 0000 4d03 | d34c 3bd0 

  0x000001287424ccd4: ;   {runtime_call ic_miss_stub}
  0x000001287424ccd4: 0f85 a61a | b0ff 660f | 1f44 0000 
[Verified Entry Point]
  0x000001287424cce0: 8984 2400 | 80ff ff55 | 4883 ec60 | 4181 7f20 | 0100 0000 

  0x000001287424ccf4: ;   {runtime_call StubRoutines (final stubs)}
  0x000001287424ccf4: 7405 e865 | 80ae ff48 | 8bd9 4c8b | ac24 8000 | 0000 448b | 5c24 788b | 4424 708b | 4e0c 498b 
  0x000001287424cd14: d04d 8bc1 | 4c8b cf48 | 8bfe be00 | 0000 0048 | 891c 2489 | 4424 0844 | 895c 2410 | 4c89 6c24 
  0x000001287424cd34: ;   {static_call}
  0x000001287424cd34: 1866 90e8 

  0x000001287424cd38: ; ImmutableOopMap {}
                      ;*invokestatic defineClass0 {reexecute=0 rethrow=0 return_oop=0}
                      ; - java.lang.System$2::defineClass@17 (line 2390)
  0x000001287424cd38: a4e6 ffff 

  0x000001287424cd3c: ;   {other}
  0x000001287424cd3c: 0f1f 8400 | 2c02 0000 | 4883 c460 

  0x000001287424cd48: ;   {poll_return}
  0x000001287424cd48: 5d49 3ba7 | 5004 0000 | 0f87 0600 

  0x000001287424cd54: ;   {runtime_call throw_null_pointer_exception Runtime1 stub}
  0x000001287424cd54: 0000 c3e8 

  0x000001287424cd58: ; ImmutableOopMap {r8=Oop r9=Oop rdi=Oop rsi=Oop rbx=Oop r13=Oop [128]=Oop }
                      ;*arraylength {reexecute=0 rethrow=0 return_oop=0}
                      ; - java.lang.System$2::defineClass@8 (line 2390)
  0x000001287424cd58: 2465 bbff 

  0x000001287424cd5c: ;   {internal_word}
  0x000001287424cd5c: 49ba 49cd | 2474 2801 | 0000 4d89 | 9768 0400 

  0x000001287424cd6c: ;   {runtime_call SafepointBlob}
  0x000001287424cd6c: 00e9 8e89 | b0ff 498b | 8700 0500 | 0049 c787 | 0005 0000 | 0000 0000 | 49c7 8708 | 0500 0000 
  0x000001287424cd8c: 0000 0048 | 83c4 605d 

  0x000001287424cd94: ;   {runtime_call unwind_exception Runtime1 stub}
  0x000001287424cd94: e967 51bb | fff4 f4f4 | f4f4 f4f4 
[Stub Code]
  0x000001287424cda0: ;   {no_reloc}
  0x000001287424cda0: 48bb 0000 | 0000 0000 

  0x000001287424cda8: ;   {runtime_call}
  0x000001287424cda8: 0000 e9fb 

  0x000001287424cdac: ;   {runtime_call handle_exception_from_callee Runtime1 stub}
  0x000001287424cdac: ffff ffe8 | 4c87 bbff 

  0x000001287424cdb4: ;   {external_word}
  0x000001287424cdb4: 48b9 0028 | 71c4 f97f | 0000 4883 

  0x000001287424cdc0: ;   {runtime_call}
  0x000001287424cdc0: e4f0 48b8 | e00f 39c4 | f97f 0000 

  0x000001287424cdcc: ;   {section_word}
  0x000001287424cdcc: ffd0 f449 | bacf cd24 | 7428 0100 

  0x000001287424cdd8: ;   {runtime_call DeoptimizationBlob}
  0x000001287424cdd8: 0041 52e9 | c07b b0ff 
[/MachCode]


Compiled method (c1)     639 1671   !   1       java.lang.invoke.MethodHandles$Lookup$ClassDefiner::defineClass (213 bytes)
 total in heap  [0x000001287424d890,0x000001287424e220] = 2448
 relocation     [0x000001287424d9f0,0x000001287424da88] = 152
 main code      [0x000001287424daa0,0x000001287424dec8] = 1064
 stub code      [0x000001287424dec8,0x000001287424df40] = 120
 metadata       [0x000001287424df40,0x000001287424df88] = 72
 scopes data    [0x000001287424df88,0x000001287424e088] = 256
 scopes pcs     [0x000001287424e088,0x000001287424e188] = 256
 dependencies   [0x000001287424e188,0x000001287424e198] = 16
 handler table  [0x000001287424e198,0x000001287424e1e0] = 72
 nul chk table  [0x000001287424e1e0,0x000001287424e220] = 64

[Constant Pool (empty)]

[MachCode]
[Entry Point]
  # {method} {0x00000128081ef220} 'defineClass' '(ZLjava/lang/Object;)Ljava/lang/Class;' in 'java/lang/invoke/MethodHandles$Lookup$ClassDefiner'
  # this:     rdx:rdx   = 'java/lang/invoke/MethodHandles$Lookup$ClassDefiner'
  # parm0:    r8        = boolean
  # parm1:    r9:r9     = 'java/lang/Object'
  #           [sp+0xf0]  (sp of caller)
  0x000001287424daa0: 448b 5208 | 49bb 0000 | 0008 2801 | 0000 4d03 | d34c 3bd0 

  0x000001287424dab4: ;   {runtime_call ic_miss_stub}
  0x000001287424dab4: 0f85 c60c | b0ff 660f | 1f44 0000 
[Verified Entry Point]
  0x000001287424dac0: 8984 2400 | 80ff ff55 | 4881 ece0 | 0000 0090 | 4181 7f20 | 0100 0000 

  0x000001287424dad8: ;   {runtime_call StubRoutines (final stubs)}
  0x000001287424dad8: 7405 e881 | 72ae ff48 | 8994 2498 | 0000 0044 | 8984 24b0 | 0000 004c | 898c 24b8 | 0000 008b 
  0x000001287424daf8: 7210 48c1 | e603 4889 | b424 9000 | 0000 8b7e | 1048 c1e7 | 0348 89bc | 24a8 0000 | 008b 5f34 
  0x000001287424db18: 48c1 e303 | 4883 fb00 | 0f85 0a00 

  0x000001287424db24: ;   {oop(nullptr)}
  0x000001287424db24: 0000 48bb | 0000 0000 | 0000 0000 | 4883 fb00 | 0f84 c300 | 0000 8b46 | 1848 c1e0 | 0348 83f8 
  0x000001287424db44: 0048 899c | 24a0 0000 | 000f 85bc 

  0x000001287424db50: ;   {oop(a 'java/lang/Class'{0x0000000623c50d70} = 'jdk/internal/access/SharedSecrets')}
  0x000001287424db50: 0000 0048 | b870 0dc5 | 2306 0000 | 008b 407c | 48c1 e003 | 8b4e 1048 | c1e1 0348 | 83f8 000f 
  0x000001287424db70: 842a 0000 

  0x000001287424db74: ;   {metadata('java/lang/System$2')}
  0x000001287424db74: 0048 be88 | 8101 0828 | 0100 0044 | 8b70 0849 | ba00 0000 | 0828 0100 | 004d 03f2 | 493b 7638 
  0x000001287424db94: 0f85 7902 | 0000 e900 | 0000 004c | 8bd8 483b | 0048 3b01 | 488b d10f 

  0x000001287424dbac: ;   {optimized virtual_call}
  0x000001287424dbac: 1f40 00e8 

  0x000001287424dbb0: ; ImmutableOopMap {[144]=Oop [152]=Oop [160]=Oop [168]=Oop [184]=Oop }
                      ;*invokevirtual protectionDomain {reexecute=0 rethrow=0 return_oop=0}
                      ; - java.lang.System$2::protectionDomain@1 (line 2514)
                      ; - java.lang.invoke.MethodHandles$Lookup::lookupClassProtectionDomain@17 (line 2544)
                      ; - java.lang.invoke.MethodHandles$Lookup$ClassDefiner::defineClass@23 (line 2501)
  0x000001287424dbb0: 2803 0000 

  0x000001287424dbb4: ;   {other}
  0x000001287424dbb4: 0f1f 8400 | 2403 0000 | 450f be47 | 4041 83f8 | 0048 8bb4 | 2490 0000 | 000f 854f | 0200 004c 
  0x000001287424dbd4: 8bd0 49c1 | ea03 4489 | 5618 f083 | 4424 c000 | 4c8b c64c | 33c0 49c1 | e816 4983 | f800 0f85 
  0x000001287424dbf4: 4a02 0000 | e912 0000 | 0048 899c | 24a0 0000 

  0x000001287424dc04: ;   {oop(nullptr)}
  0x000001287424dc04: 0048 b800 | 0000 0000 | 0000 0048 | 8b9c 24a0 | 0000 0048 | 8bbc 24a8 | 0000 0048 | 8b94 2498 
  0x000001287424dc24: ;   {oop(a 'java/lang/Class'{0x0000000623c50d70} = 'jdk/internal/access/SharedSecrets')}
  0x000001287424dc24: 0000 0049 | b870 0dc5 | 2306 0000 | 0045 8b70 | 7c49 c1e6 | 038b 7214 | 48c1 e603 | 8b4a 1848 
  0x000001287424dc44: c1e1 0344 | 8b4a 0c49 | 83fe 000f | 842a 0000 

  0x000001287424dc54: ;   {metadata('java/lang/System$2')}
  0x000001287424dc54: 0049 bb88 | 8101 0828 | 0100 0045 | 8b6e 0849 | ba00 0000 | 0828 0100 | 004d 03ea | 4d3b 5d38 
  0x000001287424dc74: 0f85 e001 | 0000 e900 | 0000 004d | 8bc6 493b | 064c 8bc3 | 498b d14c | 8bcf 488b | fe48 8bf1 
  0x000001287424dc94: 488b c88b | 8424 b000 | 0000 8904 | 2489 5424 | 0848 8b94 | 24b8 0000 | 0048 8954 | 2410 498b 
  0x000001287424dcb4: ;   {optimized virtual_call}
  0x000001287424dcb4: d666 90e8 

  0x000001287424dcb8: ; ImmutableOopMap {[152]=Oop [168]=Oop }
                      ;*invokeinterface defineClass {reexecute=0 rethrow=0 return_oop=0}
                      ; - java.lang.invoke.MethodHandles$Lookup$ClassDefiner::defineClass@57 (line 2505)
  0x000001287424dcb8: 24f0 ffff 

  0x000001287424dcbc: ;   {other}
  0x000001287424dcbc: 0f1f 8400 | 2c04 0001 | 488b 9424 | 9800 0000 | 8b72 1c48 | c1e6 0344 | 0fbe 460c | 4183 e001 
  0x000001287424dcdc: 4183 f800 | 0f84 d600 | 0000 8b7a | 1448 c1e7 | 0348 83f8 | 000f 8493 | 0000 00e9 | 4200 0000 
  0x000001287424dcfc: 488b 9424 | 9800 0000 | 498b 8700 | 0500 004d | 33d2 4d89 | 9700 0500 | 004d 33d2 | 4d89 9708 
  0x000001287424dd1c: 0500 008b | 721c 48c1 | e603 440f | be46 0c41 | 83e0 0141 | 83f8 000f | 84cb 0000 | 00e9 9400 
  0x000001287424dd3c: 0000 8b52 | 1848 c1e2 | 034c 8bc7 | 4c8b c848 | 8bfa 488b | d648 8984 | 24c0 0000 | 0066 0f1f 
  0x000001287424dd5c: ;   {optimized virtual_call}
  0x000001287424dd5c: 4400 00e8 

  0x000001287424dd60: ; ImmutableOopMap {[192]=Oop }
                      ;*invokevirtual dumpClass {reexecute=0 rethrow=0 return_oop=0}
                      ; - java.lang.invoke.MethodHandles$Lookup$ClassDefiner::defineClass@134 (line 2513)
  0x000001287424dd60: 1c0d b0ff 

  0x000001287424dd64: ;   {other}
  0x000001287424dd64: 0f1f 8400 | d404 0002 | 488b 8424 | c000 0000 | 4881 c4e0 | 0000 005d 

  0x000001287424dd7c: ;   {poll_return}
  0x000001287424dd7c: 493b a750 | 0400 000f | 87e5 0000 | 00c3 4889 | 8424 c000 | 0000 448b | 4a18 49c1 | e103 4c8b 
  0x000001287424dd9c: c748 8bd6 | 0f1f 8000 

  0x000001287424dda4: ;   {optimized virtual_call}
  0x000001287424dda4: 0000 00e8 

  0x000001287424dda8: ; ImmutableOopMap {[192]=Oop }
                      ;*invokevirtual dumpFailedClass {reexecute=0 rethrow=0 return_oop=0}
                      ; - java.lang.invoke.MethodHandles$Lookup$ClassDefiner::defineClass@150 (line 2515)
  0x000001287424dda8: d40c b0ff 

  0x000001287424ddac: ;   {other}
  0x000001287424ddac: 0f1f 8400 | 1c05 0003 | 488b 8424 | c000 0000 | 4881 c4e0 | 0000 005d 

  0x000001287424ddc4: ;   {poll_return}
  0x000001287424ddc4: 493b a750 | 0400 000f | 87b3 0000 | 00c3 4889 | 8424 c800 | 0000 448b | 4214 49c1 | e003 448b 
  0x000001287424dde4: 4a18 49c1 | e103 488b 

  0x000001287424ddec: ;   {optimized virtual_call}
  0x000001287424ddec: d666 90e8 

  0x000001287424ddf0: ; ImmutableOopMap {[200]=Oop }
                      ;*invokevirtual dumpFailedClass {reexecute=0 rethrow=0 return_oop=0}
                      ; - java.lang.invoke.MethodHandles$Lookup$ClassDefiner::defineClass@207 (line 2515)
  0x000001287424ddf0: 8c0c b0ff 

  0x000001287424ddf4: ;   {other}
  0x000001287424ddf4: 0f1f 8400 | 6405 0004 | 488b 8424 | c800 0000 | e9ae 0000 

  0x000001287424de08: ;   {runtime_call throw_null_pointer_exception Runtime1 stub}
  0x000001287424de08: 00e8 7254 

  0x000001287424de0c: ; ImmutableOopMap {rdx=Oop r9=Oop rsi=Oop [144]=Oop [152]=Oop [184]=Oop }
                      ;*invokevirtual lookupClass {reexecute=0 rethrow=0 return_oop=0}
                      ; - java.lang.invoke.MethodHandles$Lookup$ClassDefiner::defineClass@4 (line 2499)
                      ;   {runtime_call throw_null_pointer_exception Runtime1 stub}
  0x000001287424de0c: bbff e86d 

  0x000001287424de10: ; ImmutableOopMap {rdx=Oop r9=Oop rsi=Oop rdi=Oop [144]=Oop [152]=Oop [168]=Oop [184]=Oop }
                      ;*invokevirtual getClassLoader {reexecute=0 rethrow=0 return_oop=0}
                      ; - java.lang.invoke.MethodHandles$Lookup$ClassDefiner::defineClass@9 (line 2500)
                      ;   {runtime_call throw_incompatible_class_change_error Runtime1 stub}
  0x000001287424de10: 54bb ffe8 

  0x000001287424de14: ; ImmutableOopMap {rax=Oop rcx=Oop [144]=Oop [152]=Oop [160]=Oop [168]=Oop [184]=Oop }
                      ;*invokeinterface protectionDomain {reexecute=0 rethrow=0 return_oop=0}
                      ; - java.lang.invoke.MethodHandles$Lookup::lookupClassProtectionDomain@17 (line 2544)
                      ; - java.lang.invoke.MethodHandles$Lookup$ClassDefiner::defineClass@23 (line 2501)
  0x000001287424de14: e87f bbff 

  0x000001287424de18: ;   {runtime_call throw_null_pointer_exception Runtime1 stub}
  0x000001287424de18: e863 54bb 

  0x000001287424de1c: ; ImmutableOopMap {rcx=Oop [144]=Oop [152]=Oop [160]=Oop [168]=Oop [184]=Oop }
                      ;*invokeinterface protectionDomain {reexecute=0 rethrow=0 return_oop=0}
                      ; - java.lang.invoke.MethodHandles$Lookup::lookupClassProtectionDomain@17 (line 2544)
                      ; - java.lang.invoke.MethodHandles$Lookup$ClassDefiner::defineClass@23 (line 2501)
                      ;   {runtime_call throw_null_pointer_exception Runtime1 stub}
  0x000001287424de1c: ffe8 5e54 

  0x000001287424de20: ; ImmutableOopMap {rcx=Oop [144]=Oop [152]=Oop [160]=Oop [168]=Oop [184]=Oop }
                      ;*invokevirtual protectionDomain {reexecute=0 rethrow=0 return_oop=0}
                      ; - java.lang.System$2::protectionDomain@1 (line 2514)
                      ; - java.lang.invoke.MethodHandles$Lookup::lookupClassProtectionDomain@17 (line 2544)
                      ; - java.lang.invoke.MethodHandles$Lookup$ClassDefiner::defineClass@23 (line 2501)
  0x000001287424de20: bbff 448b | 4618 49c1 | e003 4983 | f800 0f84 | 9ffd ffff | 4c89 0424 

  0x000001287424de38: ;   {runtime_call g1_pre_barrier_slow}
  0x000001287424de38: e843 babb | ffe9 91fd | ffff 4883 | f800 0f84 | acfd ffff | 4889 3424 

  0x000001287424de50: ;   {runtime_call g1_post_barrier_slow}
  0x000001287424de50: e82b bdbb | ffe9 9efd 

  0x000001287424de58: ;   {runtime_call throw_incompatible_class_change_error Runtime1 stub}
  0x000001287424de58: ffff e8a1 

  0x000001287424de5c: ; ImmutableOopMap {rax=Oop rdi=Oop rbx=Oop r14=Oop rsi=Oop rcx=Oop [152]=Oop [168]=Oop [184]=Oop }
                      ;*invokeinterface defineClass {reexecute=0 rethrow=0 return_oop=0}
                      ; - java.lang.invoke.MethodHandles$Lookup$ClassDefiner::defineClass@57 (line 2505)
                      ;   {runtime_call throw_null_pointer_exception Runtime1 stub}
  0x000001287424de5c: 7fbb ffe8 

  0x000001287424de60: ; ImmutableOopMap {rax=Oop rdi=Oop rbx=Oop r14=Oop rsi=Oop rcx=Oop [152]=Oop [168]=Oop [184]=Oop }
                      ;*invokeinterface defineClass {reexecute=0 rethrow=0 return_oop=0}
                      ; - java.lang.invoke.MethodHandles$Lookup$ClassDefiner::defineClass@57 (line 2505)
  0x000001287424de60: 1c54 bbff 

  0x000001287424de64: ;   {runtime_call throw_null_pointer_exception Runtime1 stub}
  0x000001287424de64: e817 54bb 

  0x000001287424de68: ; ImmutableOopMap {rax=Oop rdx=Oop rsi=Oop [152]=Oop }
                      ;*invokevirtual isEnabled {reexecute=0 rethrow=0 return_oop=0}
                      ; - java.lang.invoke.MethodHandles$Lookup$ClassDefiner::defineClass@105 (line 2510)
                      ;   {runtime_call throw_null_pointer_exception Runtime1 stub}
  0x000001287424de68: ffe8 1254 

  0x000001287424de6c: ; ImmutableOopMap {rdx=Oop rax=Oop rsi=Oop [152]=Oop }
                      ;*invokevirtual isEnabled {reexecute=0 rethrow=0 return_oop=0}
                      ; - java.lang.invoke.MethodHandles$Lookup$ClassDefiner::defineClass@162 (line 2510)
                      ;   {internal_word}
  0x000001287424de6c: bbff 49ba | 7cdd 2474 | 2801 0000 | 4d89 9768 

  0x000001287424de7c: ;   {runtime_call SafepointBlob}
  0x000001287424de7c: 0400 00e9 | 7c78 b0ff 

  0x000001287424de84: ;   {internal_word}
  0x000001287424de84: 49ba c4dd | 2474 2801 | 0000 4d89 | 9768 0400 

  0x000001287424de94: ;   {runtime_call SafepointBlob}
  0x000001287424de94: 00e9 6678 | b0ff 498b | 8700 0500 | 0049 c787 | 0005 0000 | 0000 0000 | 49c7 8708 | 0500 0000 
  0x000001287424deb4: 0000 0048 | 81c4 e000 

  0x000001287424debc: ;   {runtime_call unwind_exception Runtime1 stub}
  0x000001287424debc: 0000 5de9 | 3c40 bbff | f4f4 f4f4 
[Stub Code]
  0x000001287424dec8: ;   {no_reloc}
  0x000001287424dec8: 0f1f 4400 

  0x000001287424decc: ;   {static_stub}
  0x000001287424decc: 0048 bb00 | 0000 0000 

  0x000001287424ded4: ;   {runtime_call}
  0x000001287424ded4: 0000 00e9 | fbff ffff 

  0x000001287424dedc: ;   {static_stub}
  0x000001287424dedc: 48bb 18f7 | 4608 2801 

  0x000001287424dee4: ;   {runtime_call I2C/C2I adapters}
  0x000001287424dee4: 0000 e978 

  0x000001287424dee8: ;   {static_stub}
  0x000001287424dee8: 55b0 ff48 | bb00 0000 | 0000 0000 

  0x000001287424def4: ;   {runtime_call}
  0x000001287424def4: 00e9 fbff 

  0x000001287424def8: ;   {static_stub}
  0x000001287424def8: ffff 48bb | 0000 0000 | 0000 0000 

  0x000001287424df04: ;   {runtime_call}
  0x000001287424df04: e9fb ffff 

  0x000001287424df08: ;   {runtime_call handle_exception_from_callee Runtime1 stub}
  0x000001287424df08: ffe8 f275 

  0x000001287424df0c: ;   {external_word}
  0x000001287424df0c: bbff 48b9 | 0028 71c4 | f97f 0000 | 4883 e4f0 

  0x000001287424df1c: ;   {runtime_call}
  0x000001287424df1c: 48b8 e00f | 39c4 f97f | 0000 ffd0 

  0x000001287424df28: ;   {section_word}
  0x000001287424df28: f449 ba29 | df24 7428 | 0100 0041 

  0x000001287424df34: ;   {runtime_call DeoptimizationBlob}
  0x000001287424df34: 52e9 666a | b0ff f4f4 | f4f4 f4f4 
[/MachCode]


---------------  P R O C E S S  ---------------

Threads class SMR info:
_java_thread_list=0x000001284d72bfd0, length=15, elements={
0x00000128694ccbb0, 0x000001284d017620, 0x000001284d018440, 0x000001284d01b270,
0x000001284d01d0a0, 0x000001284d01dd60, 0x000001284d0232f0, 0x000001284d01e7c0,
0x000001284d088610, 0x000001284d088ce0, 0x000001284d086400, 0x0000012879833650,
0x000001284d3f84c0, 0x000001284d3fe170, 0x000001284d72c0f0
}

Java Threads: ( => current thread )
=>0x00000128694ccbb0 JavaThread "main"                              [_thread_in_vm, id=9344, stack(0x0000001414f00000,0x0000001415000000) (1024K)]
  0x000001284d017620 JavaThread "Reference Handler"          daemon [_thread_blocked, id=22664, stack(0x0000001415700000,0x0000001415800000) (1024K)]
  0x000001284d018440 JavaThread "Finalizer"                  daemon [_thread_blocked, id=27280, stack(0x0000001415800000,0x0000001415900000) (1024K)]
  0x000001284d01b270 JavaThread "Signal Dispatcher"          daemon [_thread_blocked, id=21700, stack(0x0000001415900000,0x0000001415a00000) (1024K)]
  0x000001284d01d0a0 JavaThread "Attach Listener"            daemon [_thread_blocked, id=4640, stack(0x0000001415a00000,0x0000001415b00000) (1024K)]
  0x000001284d01dd60 JavaThread "Service Thread"             daemon [_thread_blocked, id=30756, stack(0x0000001415b00000,0x0000001415c00000) (1024K)]
  0x000001284d0232f0 JavaThread "Monitor Deflation Thread"   daemon [_thread_blocked, id=3088, stack(0x0000001415c00000,0x0000001415d00000) (1024K)]
  0x000001284d01e7c0 JavaThread "C1 CompilerThread0"         daemon [_thread_blocked, id=34236, stack(0x0000001415d00000,0x0000001415e00000) (1024K)]
  0x000001284d088610 JavaThread "C1 CompilerThread1"         daemon [_thread_blocked, id=26460, stack(0x0000001415e00000,0x0000001415f00000) (1024K)]
  0x000001284d088ce0 JavaThread "C1 CompilerThread2"         daemon [_thread_blocked, id=20416, stack(0x0000001415f00000,0x0000001416000000) (1024K)]
  0x000001284d086400 JavaThread "C1 CompilerThread3"         daemon [_thread_blocked, id=29852, stack(0x0000001416000000,0x0000001416100000) (1024K)]
  0x0000012879833650 JavaThread "Common-Cleaner"             daemon [_thread_blocked, id=10716, stack(0x0000001416100000,0x0000001416200000) (1024K)]
  0x000001284d3f84c0 JavaThread "Monitor Ctrl-Break"         daemon [_thread_in_native, id=8732, stack(0x0000001416200000,0x0000001416300000) (1024K)]
  0x000001284d3fe170 JavaThread "Notification Thread"        daemon [_thread_blocked, id=32300, stack(0x0000001416300000,0x0000001416400000) (1024K)]
  0x000001284d72c0f0 JavaThread "RMI TCP Accept-0"           daemon [_thread_in_native, id=26520, stack(0x0000001416400000,0x0000001416500000) (1024K)]
Total: 15

Other Threads:
  0x0000012879844bb0 VMThread "VM Thread"                           [id=26208, stack(0x0000001415600000,0x0000001415700000) (1024K)]
  0x0000012879832a70 WatcherThread "VM Periodic Task Thread"        [id=10696, stack(0x0000001415500000,0x0000001415600000) (1024K)]
  0x0000012879690570 WorkerThread "GC Thread#0"                     [id=13428, stack(0x0000001415000000,0x0000001415100000) (1024K)]
  0x000001284db67d50 WorkerThread "GC Thread#1"                     [id=30908, stack(0x0000001416500000,0x0000001416600000) (1024K)]
  0x000001284db680f0 WorkerThread "GC Thread#2"                     [id=16672, stack(0x0000001416600000,0x0000001416700000) (1024K)]
  0x000001284db68490 WorkerThread "GC Thread#3"                     [id=30284, stack(0x0000001416700000,0x0000001416800000) (1024K)]
  0x000001284db68830 WorkerThread "GC Thread#4"                     [id=25596, stack(0x0000001416800000,0x0000001416900000) (1024K)]
  0x000001284db68bd0 WorkerThread "GC Thread#5"                     [id=31088, stack(0x0000001416900000,0x0000001416a00000) (1024K)]
  0x000001284db867d0 WorkerThread "GC Thread#6"                     [id=23516, stack(0x0000001416a00000,0x0000001416b00000) (1024K)]
  0x000001284db86b70 WorkerThread "GC Thread#7"                     [id=19320, stack(0x0000001416b00000,0x0000001416c00000) (1024K)]
  0x000001284db86f10 WorkerThread "GC Thread#8"                     [id=28168, stack(0x0000001416c00000,0x0000001416d00000) (1024K)]
  0x000001284db872b0 WorkerThread "GC Thread#9"                     [id=27536, stack(0x0000001416d00000,0x0000001416e00000) (1024K)]
  0x000001284db87650 WorkerThread "GC Thread#10"                    [id=16020, stack(0x0000001416e00000,0x0000001416f00000) (1024K)]
  0x000001284dbd8c50 WorkerThread "GC Thread#11"                    [id=12280, stack(0x0000001416f00000,0x0000001417000000) (1024K)]
  0x000001286b929450 ConcurrentGCThread "G1 Main Marker"            [id=22584, stack(0x0000001415100000,0x0000001415200000) (1024K)]
  0x000001286b929e60 WorkerThread "G1 Conc#0"                       [id=30416, stack(0x0000001415200000,0x0000001415300000) (1024K)]
  0x0000012879702600 ConcurrentGCThread "G1 Refine#0"               [id=9856, stack(0x0000001415300000,0x0000001415400000) (1024K)]
  0x0000012879704490 ConcurrentGCThread "G1 Service"                [id=11372, stack(0x0000001415400000,0x0000001415500000) (1024K)]
Total: 18

Threads with active compile tasks:
Total: 0

VM state: not at safepoint (normal execution)

VM Mutex/Monitor currently owned by a thread:  ([mutex/lock_event])
[0x00007ff9c49a8578] Metaspace_lock - owner thread: 0x00000128694ccbb0

Heap address: 0x0000000605c00000, size: 8100 MB, Compressed Oops mode: Zero based, Oop shift amount: 3

CDS archive(s) mapped at: [0x0000012808000000-0x0000012808c90000-0x0000012808c90000), size 13172736, SharedBaseAddress: 0x0000012808000000, ArchiveRelocationMode: 1.
Compressed class space mapped at: 0x0000012809000000-0x0000012849000000, reserved size: 1073741824
Narrow klass base: 0x0000012808000000, Narrow klass shift: 0, Narrow klass range: 0x100000000

GC Precious Log:
 CardTable entry size: 512
 Card Set container configuration: InlinePtr #cards 4 size 8 Array Of Cards #cards 32 size 80 Howl #buckets 8 coarsen threshold 7372 Howl Bitmap #cards 1024 size 144 coarsen threshold 921 Card regions per heap region 1 cards per card region 8192
 CPUs: 20 total, 20 available
 Memory: 32388M
 Large Page Support: Disabled
 NUMA Support: Disabled
 Compressed Oops: Enabled (Zero based)
 Heap Region Size: 4M
 Heap Min Capacity: 8M
 Heap Initial Capacity: 508M
 Heap Max Capacity: 8100M
 Pre-touch: Disabled
 Parallel Workers: 15
 Concurrent Workers: 4
 Concurrent Refinement Workers: 15
 Periodic GC: Disabled

Heap:
 garbage-first heap   total 520192K, used 14206K [0x0000000605c00000, 0x0000000800000000)
  region size 4096K, 4 young (16384K), 1 survivors (4096K)
 Metaspace       used 9961K, committed 10176K, reserved 1114112K
  class space    used 1304K, committed 1408K, reserved 1048576K

Heap Regions: E=young(eden), S=young(survivor), O=old, HS=humongous(starts), HC=humongous(continues), CS=collection set, F=free, TAMS=top-at-mark-start, PB=parsable bottom
|   0|0x0000000605c00000, 0x0000000605ddf938, 0x0000000606000000| 46%| O|  |TAMS 0x0000000605c00000| PB 0x0000000605c00000| Untracked 
|   1|0x0000000606000000, 0x0000000606000000, 0x0000000606400000|  0%| F|  |TAMS 0x0000000606000000| PB 0x0000000606000000| Untracked 
|   2|0x0000000606400000, 0x0000000606400000, 0x0000000606800000|  0%| F|  |TAMS 0x0000000606400000| PB 0x0000000606400000| Untracked 
|   3|0x0000000606800000, 0x0000000606800000, 0x0000000606c00000|  0%| F|  |TAMS 0x0000000606800000| PB 0x0000000606800000| Untracked 
|   4|0x0000000606c00000, 0x0000000606c00000, 0x0000000607000000|  0%| F|  |TAMS 0x0000000606c00000| PB 0x0000000606c00000| Untracked 
|   5|0x0000000607000000, 0x0000000607000000, 0x0000000607400000|  0%| F|  |TAMS 0x0000000607000000| PB 0x0000000607000000| Untracked 
|   6|0x0000000607400000, 0x0000000607400000, 0x0000000607800000|  0%| F|  |TAMS 0x0000000607400000| PB 0x0000000607400000| Untracked 
|   7|0x0000000607800000, 0x0000000607800000, 0x0000000607c00000|  0%| F|  |TAMS 0x0000000607800000| PB 0x0000000607800000| Untracked 
|   8|0x0000000607c00000, 0x0000000607c00000, 0x0000000608000000|  0%| F|  |TAMS 0x0000000607c00000| PB 0x0000000607c00000| Untracked 
|   9|0x0000000608000000, 0x0000000608000000, 0x0000000608400000|  0%| F|  |TAMS 0x0000000608000000| PB 0x0000000608000000| Untracked 
|  10|0x0000000608400000, 0x0000000608400000, 0x0000000608800000|  0%| F|  |TAMS 0x0000000608400000| PB 0x0000000608400000| Untracked 
|  11|0x0000000608800000, 0x0000000608800000, 0x0000000608c00000|  0%| F|  |TAMS 0x0000000608800000| PB 0x0000000608800000| Untracked 
|  12|0x0000000608c00000, 0x0000000608c00000, 0x0000000609000000|  0%| F|  |TAMS 0x0000000608c00000| PB 0x0000000608c00000| Untracked 
|  13|0x0000000609000000, 0x0000000609000000, 0x0000000609400000|  0%| F|  |TAMS 0x0000000609000000| PB 0x0000000609000000| Untracked 
|  14|0x0000000609400000, 0x0000000609400000, 0x0000000609800000|  0%| F|  |TAMS 0x0000000609400000| PB 0x0000000609400000| Untracked 
|  15|0x0000000609800000, 0x0000000609800000, 0x0000000609c00000|  0%| F|  |TAMS 0x0000000609800000| PB 0x0000000609800000| Untracked 
|  16|0x0000000609c00000, 0x0000000609c00000, 0x000000060a000000|  0%| F|  |TAMS 0x0000000609c00000| PB 0x0000000609c00000| Untracked 
|  17|0x000000060a000000, 0x000000060a000000, 0x000000060a400000|  0%| F|  |TAMS 0x000000060a000000| PB 0x000000060a000000| Untracked 
|  18|0x000000060a400000, 0x000000060a400000, 0x000000060a800000|  0%| F|  |TAMS 0x000000060a400000| PB 0x000000060a400000| Untracked 
|  19|0x000000060a800000, 0x000000060a800000, 0x000000060ac00000|  0%| F|  |TAMS 0x000000060a800000| PB 0x000000060a800000| Untracked 
|  20|0x000000060ac00000, 0x000000060ac00000, 0x000000060b000000|  0%| F|  |TAMS 0x000000060ac00000| PB 0x000000060ac00000| Untracked 
|  21|0x000000060b000000, 0x000000060b000000, 0x000000060b400000|  0%| F|  |TAMS 0x000000060b000000| PB 0x000000060b000000| Untracked 
|  22|0x000000060b400000, 0x000000060b400000, 0x000000060b800000|  0%| F|  |TAMS 0x000000060b400000| PB 0x000000060b400000| Untracked 
|  23|0x000000060b800000, 0x000000060b800000, 0x000000060bc00000|  0%| F|  |TAMS 0x000000060b800000| PB 0x000000060b800000| Untracked 
|  24|0x000000060bc00000, 0x000000060bc00000, 0x000000060c000000|  0%| F|  |TAMS 0x000000060bc00000| PB 0x000000060bc00000| Untracked 
|  25|0x000000060c000000, 0x000000060c000000, 0x000000060c400000|  0%| F|  |TAMS 0x000000060c000000| PB 0x000000060c000000| Untracked 
|  26|0x000000060c400000, 0x000000060c400000, 0x000000060c800000|  0%| F|  |TAMS 0x000000060c400000| PB 0x000000060c400000| Untracked 
|  27|0x000000060c800000, 0x000000060c800000, 0x000000060cc00000|  0%| F|  |TAMS 0x000000060c800000| PB 0x000000060c800000| Untracked 
|  28|0x000000060cc00000, 0x000000060cc00000, 0x000000060d000000|  0%| F|  |TAMS 0x000000060cc00000| PB 0x000000060cc00000| Untracked 
|  29|0x000000060d000000, 0x000000060d000000, 0x000000060d400000|  0%| F|  |TAMS 0x000000060d000000| PB 0x000000060d000000| Untracked 
|  30|0x000000060d400000, 0x000000060d400000, 0x000000060d800000|  0%| F|  |TAMS 0x000000060d400000| PB 0x000000060d400000| Untracked 
|  31|0x000000060d800000, 0x000000060d800000, 0x000000060dc00000|  0%| F|  |TAMS 0x000000060d800000| PB 0x000000060d800000| Untracked 
|  32|0x000000060dc00000, 0x000000060dc00000, 0x000000060e000000|  0%| F|  |TAMS 0x000000060dc00000| PB 0x000000060dc00000| Untracked 
|  33|0x000000060e000000, 0x000000060e000000, 0x000000060e400000|  0%| F|  |TAMS 0x000000060e000000| PB 0x000000060e000000| Untracked 
|  34|0x000000060e400000, 0x000000060e400000, 0x000000060e800000|  0%| F|  |TAMS 0x000000060e400000| PB 0x000000060e400000| Untracked 
|  35|0x000000060e800000, 0x000000060e800000, 0x000000060ec00000|  0%| F|  |TAMS 0x000000060e800000| PB 0x000000060e800000| Untracked 
|  36|0x000000060ec00000, 0x000000060ec00000, 0x000000060f000000|  0%| F|  |TAMS 0x000000060ec00000| PB 0x000000060ec00000| Untracked 
|  37|0x000000060f000000, 0x000000060f000000, 0x000000060f400000|  0%| F|  |TAMS 0x000000060f000000| PB 0x000000060f000000| Untracked 
|  38|0x000000060f400000, 0x000000060f400000, 0x000000060f800000|  0%| F|  |TAMS 0x000000060f400000| PB 0x000000060f400000| Untracked 
|  39|0x000000060f800000, 0x000000060f800000, 0x000000060fc00000|  0%| F|  |TAMS 0x000000060f800000| PB 0x000000060f800000| Untracked 
|  40|0x000000060fc00000, 0x000000060fc00000, 0x0000000610000000|  0%| F|  |TAMS 0x000000060fc00000| PB 0x000000060fc00000| Untracked 
|  41|0x0000000610000000, 0x0000000610000000, 0x0000000610400000|  0%| F|  |TAMS 0x0000000610000000| PB 0x0000000610000000| Untracked 
|  42|0x0000000610400000, 0x0000000610400000, 0x0000000610800000|  0%| F|  |TAMS 0x0000000610400000| PB 0x0000000610400000| Untracked 
|  43|0x0000000610800000, 0x0000000610800000, 0x0000000610c00000|  0%| F|  |TAMS 0x0000000610800000| PB 0x0000000610800000| Untracked 
|  44|0x0000000610c00000, 0x0000000610c00000, 0x0000000611000000|  0%| F|  |TAMS 0x0000000610c00000| PB 0x0000000610c00000| Untracked 
|  45|0x0000000611000000, 0x0000000611000000, 0x0000000611400000|  0%| F|  |TAMS 0x0000000611000000| PB 0x0000000611000000| Untracked 
|  46|0x0000000611400000, 0x0000000611400000, 0x0000000611800000|  0%| F|  |TAMS 0x0000000611400000| PB 0x0000000611400000| Untracked 
|  47|0x0000000611800000, 0x0000000611800000, 0x0000000611c00000|  0%| F|  |TAMS 0x0000000611800000| PB 0x0000000611800000| Untracked 
|  48|0x0000000611c00000, 0x0000000611c00000, 0x0000000612000000|  0%| F|  |TAMS 0x0000000611c00000| PB 0x0000000611c00000| Untracked 
|  49|0x0000000612000000, 0x0000000612000000, 0x0000000612400000|  0%| F|  |TAMS 0x0000000612000000| PB 0x0000000612000000| Untracked 
|  50|0x0000000612400000, 0x0000000612400000, 0x0000000612800000|  0%| F|  |TAMS 0x0000000612400000| PB 0x0000000612400000| Untracked 
|  51|0x0000000612800000, 0x0000000612800000, 0x0000000612c00000|  0%| F|  |TAMS 0x0000000612800000| PB 0x0000000612800000| Untracked 
|  52|0x0000000612c00000, 0x0000000612c00000, 0x0000000613000000|  0%| F|  |TAMS 0x0000000612c00000| PB 0x0000000612c00000| Untracked 
|  53|0x0000000613000000, 0x0000000613000000, 0x0000000613400000|  0%| F|  |TAMS 0x0000000613000000| PB 0x0000000613000000| Untracked 
|  54|0x0000000613400000, 0x0000000613400000, 0x0000000613800000|  0%| F|  |TAMS 0x0000000613400000| PB 0x0000000613400000| Untracked 
|  55|0x0000000613800000, 0x0000000613800000, 0x0000000613c00000|  0%| F|  |TAMS 0x0000000613800000| PB 0x0000000613800000| Untracked 
|  56|0x0000000613c00000, 0x0000000613c00000, 0x0000000614000000|  0%| F|  |TAMS 0x0000000613c00000| PB 0x0000000613c00000| Untracked 
|  57|0x0000000614000000, 0x0000000614000000, 0x0000000614400000|  0%| F|  |TAMS 0x0000000614000000| PB 0x0000000614000000| Untracked 
|  58|0x0000000614400000, 0x0000000614400000, 0x0000000614800000|  0%| F|  |TAMS 0x0000000614400000| PB 0x0000000614400000| Untracked 
|  59|0x0000000614800000, 0x0000000614800000, 0x0000000614c00000|  0%| F|  |TAMS 0x0000000614800000| PB 0x0000000614800000| Untracked 
|  60|0x0000000614c00000, 0x0000000614c00000, 0x0000000615000000|  0%| F|  |TAMS 0x0000000614c00000| PB 0x0000000614c00000| Untracked 
|  61|0x0000000615000000, 0x0000000615000000, 0x0000000615400000|  0%| F|  |TAMS 0x0000000615000000| PB 0x0000000615000000| Untracked 
|  62|0x0000000615400000, 0x0000000615400000, 0x0000000615800000|  0%| F|  |TAMS 0x0000000615400000| PB 0x0000000615400000| Untracked 
|  63|0x0000000615800000, 0x0000000615800000, 0x0000000615c00000|  0%| F|  |TAMS 0x0000000615800000| PB 0x0000000615800000| Untracked 
|  64|0x0000000615c00000, 0x0000000615c00000, 0x0000000616000000|  0%| F|  |TAMS 0x0000000615c00000| PB 0x0000000615c00000| Untracked 
|  65|0x0000000616000000, 0x0000000616000000, 0x0000000616400000|  0%| F|  |TAMS 0x0000000616000000| PB 0x0000000616000000| Untracked 
|  66|0x0000000616400000, 0x0000000616400000, 0x0000000616800000|  0%| F|  |TAMS 0x0000000616400000| PB 0x0000000616400000| Untracked 
|  67|0x0000000616800000, 0x0000000616800000, 0x0000000616c00000|  0%| F|  |TAMS 0x0000000616800000| PB 0x0000000616800000| Untracked 
|  68|0x0000000616c00000, 0x0000000616c00000, 0x0000000617000000|  0%| F|  |TAMS 0x0000000616c00000| PB 0x0000000616c00000| Untracked 
|  69|0x0000000617000000, 0x0000000617000000, 0x0000000617400000|  0%| F|  |TAMS 0x0000000617000000| PB 0x0000000617000000| Untracked 
|  70|0x0000000617400000, 0x0000000617400000, 0x0000000617800000|  0%| F|  |TAMS 0x0000000617400000| PB 0x0000000617400000| Untracked 
|  71|0x0000000617800000, 0x0000000617800000, 0x0000000617c00000|  0%| F|  |TAMS 0x0000000617800000| PB 0x0000000617800000| Untracked 
|  72|0x0000000617c00000, 0x0000000617c00000, 0x0000000618000000|  0%| F|  |TAMS 0x0000000617c00000| PB 0x0000000617c00000| Untracked 
|  73|0x0000000618000000, 0x0000000618000000, 0x0000000618400000|  0%| F|  |TAMS 0x0000000618000000| PB 0x0000000618000000| Untracked 
|  74|0x0000000618400000, 0x0000000618400000, 0x0000000618800000|  0%| F|  |TAMS 0x0000000618400000| PB 0x0000000618400000| Untracked 
|  75|0x0000000618800000, 0x0000000618800000, 0x0000000618c00000|  0%| F|  |TAMS 0x0000000618800000| PB 0x0000000618800000| Untracked 
|  76|0x0000000618c00000, 0x0000000618c00000, 0x0000000619000000|  0%| F|  |TAMS 0x0000000618c00000| PB 0x0000000618c00000| Untracked 
|  77|0x0000000619000000, 0x0000000619000000, 0x0000000619400000|  0%| F|  |TAMS 0x0000000619000000| PB 0x0000000619000000| Untracked 
|  78|0x0000000619400000, 0x0000000619400000, 0x0000000619800000|  0%| F|  |TAMS 0x0000000619400000| PB 0x0000000619400000| Untracked 
|  79|0x0000000619800000, 0x0000000619800000, 0x0000000619c00000|  0%| F|  |TAMS 0x0000000619800000| PB 0x0000000619800000| Untracked 
|  80|0x0000000619c00000, 0x0000000619c00000, 0x000000061a000000|  0%| F|  |TAMS 0x0000000619c00000| PB 0x0000000619c00000| Untracked 
|  81|0x000000061a000000, 0x000000061a000000, 0x000000061a400000|  0%| F|  |TAMS 0x000000061a000000| PB 0x000000061a000000| Untracked 
|  82|0x000000061a400000, 0x000000061a400000, 0x000000061a800000|  0%| F|  |TAMS 0x000000061a400000| PB 0x000000061a400000| Untracked 
|  83|0x000000061a800000, 0x000000061a800000, 0x000000061ac00000|  0%| F|  |TAMS 0x000000061a800000| PB 0x000000061a800000| Untracked 
|  84|0x000000061ac00000, 0x000000061ac00000, 0x000000061b000000|  0%| F|  |TAMS 0x000000061ac00000| PB 0x000000061ac00000| Untracked 
|  85|0x000000061b000000, 0x000000061b000000, 0x000000061b400000|  0%| F|  |TAMS 0x000000061b000000| PB 0x000000061b000000| Untracked 
|  86|0x000000061b400000, 0x000000061b400000, 0x000000061b800000|  0%| F|  |TAMS 0x000000061b400000| PB 0x000000061b400000| Untracked 
|  87|0x000000061b800000, 0x000000061b800000, 0x000000061bc00000|  0%| F|  |TAMS 0x000000061b800000| PB 0x000000061b800000| Untracked 
|  88|0x000000061bc00000, 0x000000061bc00000, 0x000000061c000000|  0%| F|  |TAMS 0x000000061bc00000| PB 0x000000061bc00000| Untracked 
|  89|0x000000061c000000, 0x000000061c000000, 0x000000061c400000|  0%| F|  |TAMS 0x000000061c000000| PB 0x000000061c000000| Untracked 
|  90|0x000000061c400000, 0x000000061c400000, 0x000000061c800000|  0%| F|  |TAMS 0x000000061c400000| PB 0x000000061c400000| Untracked 
|  91|0x000000061c800000, 0x000000061c800000, 0x000000061cc00000|  0%| F|  |TAMS 0x000000061c800000| PB 0x000000061c800000| Untracked 
|  92|0x000000061cc00000, 0x000000061cc00000, 0x000000061d000000|  0%| F|  |TAMS 0x000000061cc00000| PB 0x000000061cc00000| Untracked 
|  93|0x000000061d000000, 0x000000061d000000, 0x000000061d400000|  0%| F|  |TAMS 0x000000061d000000| PB 0x000000061d000000| Untracked 
|  94|0x000000061d400000, 0x000000061d400000, 0x000000061d800000|  0%| F|  |TAMS 0x000000061d400000| PB 0x000000061d400000| Untracked 
|  95|0x000000061d800000, 0x000000061d800000, 0x000000061dc00000|  0%| F|  |TAMS 0x000000061d800000| PB 0x000000061d800000| Untracked 
|  96|0x000000061dc00000, 0x000000061dc00000, 0x000000061e000000|  0%| F|  |TAMS 0x000000061dc00000| PB 0x000000061dc00000| Untracked 
|  97|0x000000061e000000, 0x000000061e000000, 0x000000061e400000|  0%| F|  |TAMS 0x000000061e000000| PB 0x000000061e000000| Untracked 
|  98|0x000000061e400000, 0x000000061e400000, 0x000000061e800000|  0%| F|  |TAMS 0x000000061e400000| PB 0x000000061e400000| Untracked 
|  99|0x000000061e800000, 0x000000061e800000, 0x000000061ec00000|  0%| F|  |TAMS 0x000000061e800000| PB 0x000000061e800000| Untracked 
| 100|0x000000061ec00000, 0x000000061ec00000, 0x000000061f000000|  0%| F|  |TAMS 0x000000061ec00000| PB 0x000000061ec00000| Untracked 
| 101|0x000000061f000000, 0x000000061f000000, 0x000000061f400000|  0%| F|  |TAMS 0x000000061f000000| PB 0x000000061f000000| Untracked 
| 102|0x000000061f400000, 0x000000061f400000, 0x000000061f800000|  0%| F|  |TAMS 0x000000061f400000| PB 0x000000061f400000| Untracked 
| 103|0x000000061f800000, 0x000000061f800000, 0x000000061fc00000|  0%| F|  |TAMS 0x000000061f800000| PB 0x000000061f800000| Untracked 
| 104|0x000000061fc00000, 0x000000061fc00000, 0x0000000620000000|  0%| F|  |TAMS 0x000000061fc00000| PB 0x000000061fc00000| Untracked 
| 105|0x0000000620000000, 0x0000000620000000, 0x0000000620400000|  0%| F|  |TAMS 0x0000000620000000| PB 0x0000000620000000| Untracked 
| 106|0x0000000620400000, 0x0000000620400000, 0x0000000620800000|  0%| F|  |TAMS 0x0000000620400000| PB 0x0000000620400000| Untracked 
| 107|0x0000000620800000, 0x0000000620800000, 0x0000000620c00000|  0%| F|  |TAMS 0x0000000620800000| PB 0x0000000620800000| Untracked 
| 108|0x0000000620c00000, 0x0000000620c00000, 0x0000000621000000|  0%| F|  |TAMS 0x0000000620c00000| PB 0x0000000620c00000| Untracked 
| 109|0x0000000621000000, 0x0000000621000000, 0x0000000621400000|  0%| F|  |TAMS 0x0000000621000000| PB 0x0000000621000000| Untracked 
| 110|0x0000000621400000, 0x0000000621400000, 0x0000000621800000|  0%| F|  |TAMS 0x0000000621400000| PB 0x0000000621400000| Untracked 
| 111|0x0000000621800000, 0x0000000621800000, 0x0000000621c00000|  0%| F|  |TAMS 0x0000000621800000| PB 0x0000000621800000| Untracked 
| 112|0x0000000621c00000, 0x0000000621c00000, 0x0000000622000000|  0%| F|  |TAMS 0x0000000621c00000| PB 0x0000000621c00000| Untracked 
| 113|0x0000000622000000, 0x0000000622000000, 0x0000000622400000|  0%| F|  |TAMS 0x0000000622000000| PB 0x0000000622000000| Untracked 
| 114|0x0000000622400000, 0x0000000622400000, 0x0000000622800000|  0%| F|  |TAMS 0x0000000622400000| PB 0x0000000622400000| Untracked 
| 115|0x0000000622800000, 0x0000000622800000, 0x0000000622c00000|  0%| F|  |TAMS 0x0000000622800000| PB 0x0000000622800000| Untracked 
| 116|0x0000000622c00000, 0x0000000622c00000, 0x0000000623000000|  0%| F|  |TAMS 0x0000000622c00000| PB 0x0000000622c00000| Untracked 
| 117|0x0000000623000000, 0x0000000623000000, 0x0000000623400000|  0%| F|  |TAMS 0x0000000623000000| PB 0x0000000623000000| Untracked 
| 118|0x0000000623400000, 0x0000000623400000, 0x0000000623800000|  0%| F|  |TAMS 0x0000000623400000| PB 0x0000000623400000| Untracked 
| 119|0x0000000623800000, 0x0000000623800000, 0x0000000623c00000|  0%| F|  |TAMS 0x0000000623800000| PB 0x0000000623800000| Untracked 
| 120|0x0000000623c00000, 0x0000000624000000, 0x0000000624000000|100%| S|CS|TAMS 0x0000000623c00000| PB 0x0000000623c00000| Complete 
| 121|0x0000000624000000, 0x0000000624000000, 0x0000000624400000|  0%| F|  |TAMS 0x0000000624000000| PB 0x0000000624000000| Untracked 
| 122|0x0000000624400000, 0x0000000624400000, 0x0000000624800000|  0%| F|  |TAMS 0x0000000624400000| PB 0x0000000624400000| Untracked 
| 123|0x0000000624800000, 0x0000000624800000, 0x0000000624c00000|  0%| F|  |TAMS 0x0000000624800000| PB 0x0000000624800000| Untracked 
| 124|0x0000000624c00000, 0x0000000624fae1e0, 0x0000000625000000| 92%| E|  |TAMS 0x0000000624c00000| PB 0x0000000624c00000| Complete 
| 125|0x0000000625000000, 0x0000000625400000, 0x0000000625400000|100%| E|CS|TAMS 0x0000000625000000| PB 0x0000000625000000| Complete 
| 126|0x0000000625400000, 0x0000000625800000, 0x0000000625800000|100%| E|CS|TAMS 0x0000000625400000| PB 0x0000000625400000| Complete 

Card table byte_map: [0x0000012878560000,0x0000012879540000] _byte_map_base: 0x0000012875532000

Marking Bits: (CMBitMap*) 0x000001286b9190a0
 Bits: [0x0000012800000000, 0x0000012807e90000)

Polling page: 0x00000128697d0000

Metaspace:

Usage:
  Non-class:      8.45 MB used.
      Class:      1.27 MB used.
       Both:      9.73 MB used.

Virtual space:
  Non-class space:       64.00 MB reserved,       8.56 MB ( 13%) committed,  1 nodes.
      Class space:        1.00 GB reserved,       1.38 MB ( <1%) committed,  1 nodes.
             Both:        1.06 GB reserved,       9.94 MB ( <1%) committed. 

Chunk freelists:
   Non-Class:  7.45 MB
       Class:  14.62 MB
        Both:  22.08 MB

MaxMetaspaceSize: unlimited
CompressedClassSpaceSize: 1.00 GB
Initial GC threshold: 21.00 MB
Current GC threshold: 21.00 MB
CDS: on
 - commit_granule_bytes: 65536.
 - commit_granule_words: 8192.
 - virtual_space_node_default_size: 8388608.
 - enlarge_chunks_in_place: 1.
 - use_allocation_guard: 0.


Internal statistics:

num_allocs_failed_limit: 0.
num_arena_births: 262.
num_arena_deaths: 0.
num_vsnodes_births: 2.
num_vsnodes_deaths: 0.
num_space_committed: 159.
num_space_uncommitted: 0.
num_chunks_returned_to_freelist: 0.
num_chunks_taken_from_freelist: 487.
num_chunk_merges: 0.
num_chunk_splits: 313.
num_chunks_enlarged: 203.
num_inconsistent_stats: 0.

CodeCache: size=49152Kb used=5819Kb max_used=5819Kb free=43332Kb
 bounds [0x0000012873d00000, 0x00000128742b0000, 0x0000012876d00000]
 total_blobs=2395 nmethods=1909 adapters=407
 compilation: enabled
              stopped_count=0, restarted_count=0
 full_count=0

Compilation events (20 events):
Event: 0.608 Thread 0x000001284d086400 1901       1       sun.reflect.generics.parser.SignatureParser::parseFieldTypeSignature (6 bytes)
Event: 0.608 Thread 0x000001284d088ce0 1902       1       sun.reflect.generics.parser.SignatureParser::parseFieldTypeSignature (73 bytes)
Event: 0.608 Thread 0x000001284d086400 nmethod 1901 0x00000128742ac010 code [0x00000128742ac1c0, 0x00000128742ac2a8]
Event: 0.608 Thread 0x000001284d086400 1904       1       java.util.concurrent.CopyOnWriteArrayList::iterator (13 bytes)
Event: 0.608 Thread 0x000001284d01e7c0 1905       1       java.util.concurrent.CopyOnWriteArrayList$COWIterator::<init> (15 bytes)
Event: 0.608 Thread 0x000001284d088610 1906       1       jdk.internal.misc.Unsafe::weakCompareAndSetInt (11 bytes)
Event: 0.608 Thread 0x000001284d01e7c0 nmethod 1905 0x00000128742ac310 code [0x00000128742ac4a0, 0x00000128742ac5c0]
Event: 0.608 Thread 0x000001284d086400 nmethod 1904 0x00000128742ac610 code [0x00000128742ac7a0, 0x00000128742ac920]
Event: 0.608 Thread 0x000001284d01e7c0 1907       1       org.springframework.util.Assert::state (14 bytes)
Event: 0.608 Thread 0x000001284d088ce0 nmethod 1902 0x00000128742ac990 code [0x00000128742acbc0, 0x00000128742acf48]
Event: 0.608 Thread 0x000001284d088610 nmethod 1906 0x00000128742ad110 code [0x00000128742ad2a0, 0x00000128742ad388]
Event: 0.608 Thread 0x000001284d01e7c0 nmethod 1907 0x00000128742ad410 code [0x00000128742ad5c0, 0x00000128742ad718]
Event: 0.608 Thread 0x000001284d088610 1908       1       org.springframework.core.convert.support.GenericConversionService$Converters::getRegisteredConverter (93 bytes)
Event: 0.608 Thread 0x000001284d088ce0 1909       1       java.util.concurrent.CopyOnWriteArraySet::iterator (8 bytes)
Event: 0.608 Thread 0x000001284d088ce0 nmethod 1909 0x00000128742ad810 code [0x00000128742ad9a0, 0x00000128742adb28]
Event: 0.609 Thread 0x000001284d088610 nmethod 1908 0x00000128742adc10 code [0x00000128742ade20, 0x00000128742ae1d8]
Event: 0.609 Thread 0x000001284d088610 1910       1       sun.reflect.generics.repository.AbstractRepository::getFactory (5 bytes)
Event: 0.609 Thread 0x000001284d088610 nmethod 1910 0x00000128742ae390 code [0x00000128742ae520, 0x00000128742ae5f0]
Event: 0.609 Thread 0x000001284d088610 1911       1       java.lang.ref.SoftReference::<init> (14 bytes)
Event: 0.609 Thread 0x000001284d088610 nmethod 1911 0x00000128742ae690 code [0x00000128742ae840, 0x00000128742ae9f8]

GC Heap History (2 events):
Event: 0.416 GC heap before
{Heap before GC invocations=0 (full 0):
 garbage-first heap   total 520192K, used 20480K [0x0000000605c00000, 0x0000000800000000)
  region size 4096K, 6 young (24576K), 0 survivors (0K)
 Metaspace       used 7452K, committed 7680K, reserved 1114112K
  class space    used 915K, committed 1024K, reserved 1048576K
}
Event: 0.432 GC heap after
{Heap after GC invocations=1 (full 0):
 garbage-first heap   total 520192K, used 6014K [0x0000000605c00000, 0x0000000800000000)
  region size 4096K, 1 young (4096K), 1 survivors (4096K)
 Metaspace       used 7452K, committed 7680K, reserved 1114112K
  class space    used 915K, committed 1024K, reserved 1048576K
}

Dll operation events (11 events):
Event: 0.006 Loaded shared library C:\Program Files\Java\jdk-21\bin\java.dll
Event: 0.080 Loaded shared library C:\Program Files\Java\jdk-21\bin\zip.dll
Event: 0.082 Loaded shared library C:\Program Files\Java\jdk-21\bin\instrument.dll
Event: 0.085 Loaded shared library C:\Program Files\Java\jdk-21\bin\net.dll
Event: 0.086 Loaded shared library C:\Program Files\Java\jdk-21\bin\nio.dll
Event: 0.088 Loaded shared library C:\Program Files\Java\jdk-21\bin\zip.dll
Event: 0.125 Loaded shared library D:\Softwares\Intellij Idea\Intellij_Idea\ideaIU-2023.2.5\bin\breakgen64.dll
Event: 0.127 Loaded shared library C:\Program Files\Java\jdk-21\bin\jimage.dll
Event: 0.130 Loaded shared library C:\Program Files\Java\jdk-21\bin\extnet.dll
Event: 0.138 Loaded shared library C:\Program Files\Java\jdk-21\bin\management.dll
Event: 0.144 Loaded shared library C:\Program Files\Java\jdk-21\bin\management_ext.dll

Deoptimization events (4 events):
Event: 0.206 Thread 0x00000128694ccbb0 DEOPT PACKING pc=0x00000128740dfadd sp=0x0000001414ffd410
Event: 0.206 Thread 0x00000128694ccbb0 DEOPT UNPACKING pc=0x0000012873d54e42 sp=0x0000001414ffc8c0 mode 3
Event: 0.210 Thread 0x00000128694ccbb0 DEOPT PACKING pc=0x00000128740f4460 sp=0x0000001414ffd310
Event: 0.210 Thread 0x00000128694ccbb0 DEOPT UNPACKING pc=0x0000012873d54e42 sp=0x0000001414ffc7c8 mode 3

Classes loaded (20 events):
Event: 0.577 Loading class java/util/stream/MatchOps$1MatchSink
Event: 0.577 Loading class java/util/stream/MatchOps$1MatchSink done
Event: 0.579 Loading class java/lang/reflect/Executable$ParameterData
Event: 0.579 Loading class java/lang/reflect/Executable$ParameterData done
Event: 0.582 Loading class sun/reflect/generics/scope/ConstructorScope
Event: 0.582 Loading class sun/reflect/generics/scope/ConstructorScope done
Event: 0.597 Loading class java/util/concurrent/ConcurrentLinkedDeque$Itr
Event: 0.597 Loading class java/util/concurrent/ConcurrentLinkedDeque$AbstractItr
Event: 0.597 Loading class java/util/concurrent/ConcurrentLinkedDeque$AbstractItr done
Event: 0.597 Loading class java/util/concurrent/ConcurrentLinkedDeque$Itr done
Event: 0.598 Loading class org/xml/sax/InputSource
Event: 0.598 Loading class org/xml/sax/InputSource done
Event: 0.598 Loading class java/nio/file/FileSystemNotFoundException
Event: 0.598 Loading class java/nio/file/FileSystemNotFoundException done
Event: 0.600 Loading class java/util/zip/ZipException
Event: 0.600 Loading class java/util/zip/ZipException done
Event: 0.608 Loading class java/io/UnsupportedEncodingException
Event: 0.608 Loading class java/io/UnsupportedEncodingException done
Event: 0.609 Loading class java/nio/charset/CharacterCodingException
Event: 0.609 Loading class java/nio/charset/CharacterCodingException done

Classes unloaded (0 events):
No events

Classes redefined (0 events):
No events

Internal exceptions (20 events):
Event: 0.398 Thread 0x00000128694ccbb0 Exception <a 'java/lang/NoSuchMethodError'{0x0000000624297638}: 'java.lang.Object java.lang.invoke.DirectMethodHandle$Holder.invokeInterface(java.lang.Object, java.lang.Object)'> (0x0000000624297638) 
thrown [s\open\src\hotspot\share\interpreter\linkResolver.cpp, line 773]
Event: 0.401 Thread 0x00000128694ccbb0 Exception <a 'java/lang/NoSuchMethodError'{0x00000006242db2c0}: 'java.lang.Object java.lang.invoke.DirectMethodHandle$Holder.invokeSpecialIFC(java.lang.Object, java.lang.Object, java.lang.Object, java.lang.Object)'> (0x00000006242db2c0) 
thrown [s\open\src\hotspot\share\interpreter\linkResolver.cpp, line 773]
Event: 0.402 Thread 0x00000128694ccbb0 Exception <a 'java/lang/NoSuchMethodError'{0x00000006242f4138}: 'java.lang.Object java.lang.invoke.DirectMethodHandle$Holder.invokeInterface(java.lang.Object, java.lang.Object, java.lang.Object)'> (0x00000006242f4138) 
thrown [s\open\src\hotspot\share\interpreter\linkResolver.cpp, line 773]
Event: 0.412 Thread 0x00000128694ccbb0 Exception <a 'java/lang/NoSuchMethodError'{0x00000006243b77c8}: 'int java.lang.invoke.DirectMethodHandle$Holder.invokeStaticInit(java.lang.Object, java.lang.Object, java.lang.Object)'> (0x00000006243b77c8) 
thrown [s\open\src\hotspot\share\interpreter\linkResolver.cpp, line 773]
Event: 0.434 Thread 0x00000128694ccbb0 Exception <a 'java/lang/NoSuchMethodError'{0x00000006254116a0}: 'java.lang.Object java.lang.invoke.DirectMethodHandle$Holder.newInvokeSpecial(java.lang.Object, java.lang.Object, java.lang.Object, java.lang.Object, java.lang.Object)'> (0x00000006254116a0) 
thrown [s\open\src\hotspot\share\interpreter\linkResolver.cpp, line 773]
Event: 0.446 Thread 0x00000128694ccbb0 Exception <a 'java/lang/IncompatibleClassChangeError'{0x0000000625528b40}: Found class java.lang.Object, but interface was expected> (0x0000000625528b40) 
thrown [s\open\src\hotspot\share\interpreter\linkResolver.cpp, line 840]
Event: 0.454 Thread 0x00000128694ccbb0 Exception <a 'sun/nio/fs/WindowsException'{0x00000006256385a8}> (0x00000006256385a8) 
thrown [s\open\src\hotspot\share\prims\jni.cpp, line 520]
Event: 0.537 Thread 0x00000128694ccbb0 Exception <a 'java/lang/NoSuchMethodError'{0x00000006252e52a8}: 'java.lang.Object java.lang.invoke.DirectMethodHandle$Holder.newInvokeSpecial(java.lang.Object, java.lang.Object, java.lang.Object, java.lang.Object, java.lang.Object, java.lang.Object, java.lang.Object)'> (0x00000006252e52a8) 
thrown [s\open\src\hotspot\share\interpreter\linkResolver.cpp, line 773]
Event: 0.541 Thread 0x00000128694ccbb0 Exception <a 'java/lang/NoSuchMethodError'{0x00000006253225c0}: 'int java.lang.invoke.DirectMethodHandle$Holder.invokeStatic(java.lang.Object, java.lang.Object, java.lang.Object, java.lang.Object)'> (0x00000006253225c0) 
thrown [s\open\src\hotspot\share\interpreter\linkResolver.cpp, line 773]
Event: 0.541 Thread 0x00000128694ccbb0 Exception <a 'java/lang/NoSuchMethodError'{0x0000000625325c40}: 'java.lang.Object java.lang.invoke.Invokers$Holder.invokeExact_MT(java.lang.Object, java.lang.Object, java.lang.Object, java.lang.Object, java.lang.Object, java.lang.Object)'> (0x0000000625325c40) 
thrown [s\open\src\hotspot\share\interpreter\linkResolver.cpp, line 773]
Event: 0.549 Thread 0x00000128694ccbb0 Exception <a 'java/lang/NoSuchMethodError'{0x0000000625385d80}: 'java.lang.Object java.lang.invoke.DirectMethodHandle$Holder.invokeSpecial(java.lang.Object, java.lang.Object, java.lang.Object, java.lang.Object, java.lang.Object, java.lang.Object, int)'> (0x0000000625385d80) 
thrown [s\open\src\hotspot\share\interpreter\linkResolver.cpp, line 773]
Event: 0.549 Thread 0x00000128694ccbb0 Exception <a 'java/lang/NoSuchMethodError'{0x000000062538f288}: 'java.lang.Object java.lang.invoke.DirectMethodHandle$Holder.newInvokeSpecial(java.lang.Object, java.lang.Object, java.lang.Object, java.lang.Object, java.lang.Object, java.lang.Object, int)'> (0x000000062538f288) 
thrown [s\open\src\hotspot\share\interpreter\linkResolver.cpp, line 773]
Event: 0.550 Thread 0x00000128694ccbb0 Exception <a 'java/lang/NoSuchMethodError'{0x0000000625393838}: 'java.lang.Object java.lang.invoke.DirectMethodHandle$Holder.invokeSpecial(java.lang.Object, java.lang.Object, java.lang.Object, java.lang.Object, java.lang.Object, java.lang.Object, java.lang.Object, int)'> (0x0000000625393838) 
thrown [s\open\src\hotspot\share\interpreter\linkResolver.cpp, line 773]
Event: 0.572 Thread 0x00000128694ccbb0 Exception <a 'java/lang/NoSuchMethodError'{0x0000000624cfaed8}: 'int java.lang.invoke.DirectMethodHandle$Holder.invokeVirtual(java.lang.Object, java.lang.Object)'> (0x0000000624cfaed8) 
thrown [s\open\src\hotspot\share\interpreter\linkResolver.cpp, line 773]
Event: 0.585 Thread 0x00000128694ccbb0 Exception <a 'java/lang/NoSuchMethodError'{0x0000000624da8438}: 'java.lang.Object java.lang.invoke.DirectMethodHandle$Holder.invokeSpecial(java.lang.Object, java.lang.Object, java.lang.Object, int, java.lang.Object)'> (0x0000000624da8438) 
thrown [s\open\src\hotspot\share\interpreter\linkResolver.cpp, line 773]
Event: 0.585 Thread 0x00000128694ccbb0 Exception <a 'java/lang/NoSuchMethodError'{0x0000000624dafd28}: 'java.lang.Object java.lang.invoke.DirectMethodHandle$Holder.newInvokeSpecial(java.lang.Object, java.lang.Object, java.lang.Object, int, java.lang.Object)'> (0x0000000624dafd28) 
thrown [s\open\src\hotspot\share\interpreter\linkResolver.cpp, line 773]
Event: 0.585 Thread 0x00000128694ccbb0 Exception <a 'java/lang/NoSuchMethodError'{0x0000000624db71e0}: 'java.lang.Object java.lang.invoke.Invokers$Holder.linkToTargetMethod(java.lang.Object, java.lang.Object, int, java.lang.Object, java.lang.Object)'> (0x0000000624db71e0) 
thrown [s\open\src\hotspot\share\interpreter\linkResolver.cpp, line 773]
Event: 0.586 Thread 0x00000128694ccbb0 Exception <a 'java/lang/NoSuchMethodError'{0x0000000624dc48b0}: 'java.lang.Object java.lang.invoke.DirectMethodHandle$Holder.newInvokeSpecial(java.lang.Object, int, java.lang.Object)'> (0x0000000624dc48b0) 
thrown [s\open\src\hotspot\share\interpreter\linkResolver.cpp, line 773]
Event: 0.586 Thread 0x00000128694ccbb0 Exception <a 'java/lang/NoSuchMethodError'{0x0000000624dc8fc0}: 'int java.lang.invoke.DirectMethodHandle$Holder.invokeSpecialIFC(java.lang.Object, java.lang.Object, java.lang.Object, java.lang.Object)'> (0x0000000624dc8fc0) 
thrown [s\open\src\hotspot\share\interpreter\linkResolver.cpp, line 773]
Event: 0.609 Thread 0x00000128694ccbb0 Exception <a 'java/lang/NoSuchMethodError'{0x0000000624f5f1a8}: 'void java.lang.invoke.DirectMethodHandle$Holder.invokeInterface(java.lang.Object, java.lang.Object, java.lang.Object)'> (0x0000000624f5f1a8) 
thrown [s\open\src\hotspot\share\interpreter\linkResolver.cpp, line 773]

ZGC Phase Switch (0 events):
No events

VM Operations (20 events):
Event: 0.074 Executing VM operation: HandshakeAllThreads (Deoptimize)
Event: 0.074 Executing VM operation: HandshakeAllThreads (Deoptimize) done
Event: 0.234 Executing VM operation: HandshakeAllThreads (Deoptimize)
Event: 0.234 Executing VM operation: HandshakeAllThreads (Deoptimize) done
Event: 0.271 Executing VM operation: HandshakeAllThreads (Deoptimize)
Event: 0.271 Executing VM operation: HandshakeAllThreads (Deoptimize) done
Event: 0.284 Executing VM operation: HandshakeAllThreads (Deoptimize)
Event: 0.284 Executing VM operation: HandshakeAllThreads (Deoptimize) done
Event: 0.300 Executing VM operation: HandshakeAllThreads (Deoptimize)
Event: 0.300 Executing VM operation: HandshakeAllThreads (Deoptimize) done
Event: 0.302 Executing VM operation: HandshakeAllThreads (Deoptimize)
Event: 0.302 Executing VM operation: HandshakeAllThreads (Deoptimize) done
Event: 0.388 Executing VM operation: ICBufferFull
Event: 0.388 Executing VM operation: ICBufferFull done
Event: 0.416 Executing VM operation: G1CollectForAllocation (G1 Evacuation Pause)
Event: 0.432 Executing VM operation: G1CollectForAllocation (G1 Evacuation Pause) done
Event: 0.455 Executing VM operation: HandshakeAllThreads (Deoptimize)
Event: 0.455 Executing VM operation: HandshakeAllThreads (Deoptimize) done
Event: 0.572 Executing VM operation: HandshakeAllThreads (Deoptimize)
Event: 0.572 Executing VM operation: HandshakeAllThreads (Deoptimize) done

Events (15 events):
Event: 0.018 Thread 0x00000128694ccbb0 Thread added: 0x00000128694ccbb0
Event: 0.029 Thread 0x000001284d017620 Thread added: 0x000001284d017620
Event: 0.029 Thread 0x000001284d018440 Thread added: 0x000001284d018440
Event: 0.029 Thread 0x000001284d01b270 Thread added: 0x000001284d01b270
Event: 0.029 Thread 0x000001284d01d0a0 Thread added: 0x000001284d01d0a0
Event: 0.029 Thread 0x000001284d01dd60 Thread added: 0x000001284d01dd60
Event: 0.029 Thread 0x000001284d0232f0 Thread added: 0x000001284d0232f0
Event: 0.029 Thread 0x000001284d01e7c0 Thread added: 0x000001284d01e7c0
Event: 0.031 Thread 0x000001284d088610 Thread added: 0x000001284d088610
Event: 0.033 Thread 0x000001284d088ce0 Thread added: 0x000001284d088ce0
Event: 0.033 Thread 0x000001284d086400 Thread added: 0x000001284d086400
Event: 0.070 Thread 0x0000012879833650 Thread added: 0x0000012879833650
Event: 0.125 Thread 0x000001284d3f84c0 Thread added: 0x000001284d3f84c0
Event: 0.125 Thread 0x000001284d3fe170 Thread added: 0x000001284d3fe170
Event: 0.276 Thread 0x000001284d72c0f0 Thread added: 0x000001284d72c0f0


Dynamic libraries:
0x00007ff6d23f0000 - 0x00007ff6d2400000 	C:\Program Files\Java\jdk-21\bin\java.exe
0x00007ffa39730000 - 0x00007ffa39947000 	C:\Windows\SYSTEM32\ntdll.dll
0x00007ffa38030000 - 0x00007ffa380f4000 	C:\Windows\System32\KERNEL32.DLL
0x00007ffa36b60000 - 0x00007ffa36f06000 	C:\Windows\System32\KERNELBASE.dll
0x00007ffa36f10000 - 0x00007ffa37021000 	C:\Windows\System32\ucrtbase.dll
0x00007ffa308f0000 - 0x00007ffa3090b000 	C:\Program Files\Java\jdk-21\bin\VCRUNTIME140.dll
0x00007ffa30910000 - 0x00007ffa30929000 	C:\Program Files\Java\jdk-21\bin\jli.dll
0x00007ffa395f0000 - 0x00007ffa396a1000 	C:\Windows\System32\ADVAPI32.dll
0x00007ffa38b90000 - 0x00007ffa38c37000 	C:\Windows\System32\msvcrt.dll
0x00007ffa394b0000 - 0x00007ffa39555000 	C:\Windows\System32\sechost.dll
0x00007ffa38250000 - 0x00007ffa38367000 	C:\Windows\System32\RPCRT4.dll
0x00007ffa383a0000 - 0x00007ffa3854e000 	C:\Windows\System32\USER32.dll
0x00007ffa37030000 - 0x00007ffa37056000 	C:\Windows\System32\win32u.dll
0x00007ffa37900000 - 0x00007ffa37929000 	C:\Windows\System32\GDI32.dll
0x00007ffa37060000 - 0x00007ffa37178000 	C:\Windows\System32\gdi32full.dll
0x00007ffa373e0000 - 0x00007ffa3747a000 	C:\Windows\System32\msvcp_win.dll
0x00007ffa20c50000 - 0x00007ffa20ee3000 	C:\Windows\WinSxS\amd64_microsoft.windows.common-controls_6595b64144ccf1df_6.0.22621.2506_none_270c5ae97388e100\COMCTL32.dll
0x00007ffa30be0000 - 0x00007ffa30bea000 	C:\Windows\SYSTEM32\VERSION.dll
0x00007ffa396b0000 - 0x00007ffa396e1000 	C:\Windows\System32\IMM32.DLL
0x00007ffa32680000 - 0x00007ffa3268c000 	C:\Program Files\Java\jdk-21\bin\vcruntime140_1.dll
0x00007ff9f6b50000 - 0x00007ff9f6bde000 	C:\Program Files\Java\jdk-21\bin\msvcp140.dll
0x00007ff9c3d70000 - 0x00007ff9c4a85000 	C:\Program Files\Java\jdk-21\bin\server\jvm.dll
0x00007ffa39570000 - 0x00007ffa395e1000 	C:\Windows\System32\WS2_32.dll
0x00007ffa358c0000 - 0x00007ffa3590d000 	C:\Windows\SYSTEM32\POWRPROF.dll
0x00007ffa2ec00000 - 0x00007ffa2ec34000 	C:\Windows\SYSTEM32\WINMM.dll
0x00007ffa358a0000 - 0x00007ffa358b3000 	C:\Windows\SYSTEM32\UMPDC.dll
0x00007ffa35b60000 - 0x00007ffa35b78000 	C:\Windows\SYSTEM32\kernel.appcore.dll
0x00007ffa2fdc0000 - 0x00007ffa2fdca000 	C:\Program Files\Java\jdk-21\bin\jimage.dll
0x00007ffa34140000 - 0x00007ffa34373000 	C:\Windows\SYSTEM32\DBGHELP.DLL
0x00007ffa38800000 - 0x00007ffa38b89000 	C:\Windows\System32\combase.dll
0x00007ffa37e50000 - 0x00007ffa37f27000 	C:\Windows\System32\OLEAUT32.dll
0x00007ffa0bbe0000 - 0x00007ffa0bc12000 	C:\Windows\SYSTEM32\dbgcore.DLL
0x00007ffa37180000 - 0x00007ffa371fa000 	C:\Windows\System32\bcryptPrimitives.dll
0x00007ffa2fcf0000 - 0x00007ffa2fcff000 	C:\Program Files\Java\jdk-21\bin\instrument.dll
0x00007ffa2fd00000 - 0x00007ffa2fd1f000 	C:\Program Files\Java\jdk-21\bin\java.dll
0x00007ffa38c40000 - 0x00007ffa3949a000 	C:\Windows\System32\SHELL32.dll
0x00007ffa34980000 - 0x00007ffa35276000 	C:\Windows\SYSTEM32\windows.storage.dll
0x00007ffa34840000 - 0x00007ffa3497e000 	C:\Windows\SYSTEM32\wintypes.dll
0x00007ffa37f30000 - 0x00007ffa38023000 	C:\Windows\System32\SHCORE.dll
0x00007ffa37b10000 - 0x00007ffa37b6e000 	C:\Windows\System32\shlwapi.dll
0x00007ffa369d0000 - 0x00007ffa369f6000 	C:\Windows\SYSTEM32\profapi.dll
0x00007ffa2ecb0000 - 0x00007ffa2ecc8000 	C:\Program Files\Java\jdk-21\bin\zip.dll
0x00007ffa2fce0000 - 0x00007ffa2fcf0000 	C:\Program Files\Java\jdk-21\bin\net.dll
0x00007ffa31010000 - 0x00007ffa31147000 	C:\Windows\SYSTEM32\WINHTTP.dll
0x00007ffa35ff0000 - 0x00007ffa36059000 	C:\Windows\system32\mswsock.dll
0x00007ffa2fcb0000 - 0x00007ffa2fcc6000 	C:\Program Files\Java\jdk-21\bin\nio.dll
0x00007ffa2d9e0000 - 0x00007ffa2d9fa000 	D:\Softwares\Intellij Idea\Intellij_Idea\ideaIU-2023.2.5\bin\breakgen64.dll
0x00007ffa2db20000 - 0x00007ffa2db27000 	C:\Program Files\Java\jdk-21\bin\extnet.dll
0x00007ffa355c0000 - 0x00007ffa356b9000 	C:\Windows\SYSTEM32\DNSAPI.dll
0x00007ffa35550000 - 0x00007ffa3557d000 	C:\Windows\SYSTEM32\IPHLPAPI.DLL
0x00007ffa38370000 - 0x00007ffa38379000 	C:\Windows\System32\NSI.dll
0x00007ffa2e800000 - 0x00007ffa2e80a000 	C:\Windows\System32\rasadhlp.dll
0x00007ffa2e770000 - 0x00007ffa2e7f3000 	C:\Windows\System32\fwpuclnt.dll
0x00007ffa2d9d0000 - 0x00007ffa2d9da000 	C:\Program Files\Java\jdk-21\bin\management.dll
0x00007ffa2d920000 - 0x00007ffa2d92b000 	C:\Program Files\Java\jdk-21\bin\management_ext.dll
0x00007ffa394a0000 - 0x00007ffa394a8000 	C:\Windows\System32\PSAPI.DLL
0x00007ffa36260000 - 0x00007ffa3627b000 	C:\Windows\SYSTEM32\CRYPTSP.dll
0x00007ffa35ac0000 - 0x00007ffa35af5000 	C:\Windows\system32\rsaenh.dll
0x00007ffa36100000 - 0x00007ffa3612c000 	C:\Windows\SYSTEM32\USERENV.dll
0x00007ffa36430000 - 0x00007ffa36458000 	C:\Windows\SYSTEM32\bcrypt.dll
0x00007ffa36280000 - 0x00007ffa3628c000 	C:\Windows\SYSTEM32\CRYPTBASE.dll
0x00007ffa03330000 - 0x00007ffa03347000 	C:\Windows\system32\napinsp.dll
0x00007ffa02c90000 - 0x00007ffa02cab000 	C:\Windows\system32\pnrpnsp.dll
0x00007ffa014c0000 - 0x00007ffa014d1000 	C:\Windows\System32\winrnr.dll
0x00007ff9ff9c0000 - 0x00007ff9ff9d5000 	C:\Windows\system32\wshbth.dll
0x00007ffa00ea0000 - 0x00007ffa00ec1000 	C:\Windows\system32\nlansp_c.dll

dbghelp: loaded successfully - version: 4.0.5 - missing functions: none
symbol engine: initialized successfully - sym options: 0x614 - pdb path: .;C:\Program Files\Java\jdk-21\bin;C:\Windows\SYSTEM32;C:\Windows\WinSxS\amd64_microsoft.windows.common-controls_6595b64144ccf1df_6.0.22621.2506_none_270c5ae97388e100;C:\Program Files\Java\jdk-21\bin\server;D:\Softwares\Intellij Idea\Intellij_Idea\ideaIU-2023.2.5\bin

VM Arguments:
jvm_args: -XX:TieredStopAtLevel=1 -Dspring.output.ansi.enabled=always -Dcom.sun.management.jmxremote -Dspring.jmx.enabled=true -Dspring.liveBeansView.mbeanDomain -Dspring.application.admin.enabled=true -Dmanagement.endpoints.jmx.exposure.include=* -javaagent:D:\Softwares\Intellij Idea\Intellij_Idea\ideaIU-2023.2.5\lib\idea_rt.jar=51807:D:\Softwares\Intellij Idea\Intellij_Idea\ideaIU-2023.2.5\bin -Dfile.encoding=UTF-8 -Dsun.stdout.encoding=UTF-8 -Dsun.stderr.encoding=UTF-8 
java_command: org.dailycodebuffer.codebufferspringbootmongodb.CodeBufferSpringBootMongoDbApplication
java_class_path (initial): D:\jlab\IdeaWorkSpace2023\CodeBufferSpringBootMongoDB\target\classes;C:\Users\prath\.m2\repository\org\springframework\boot\spring-boot-starter-data-mongodb\3.2.0\spring-boot-starter-data-mongodb-3.2.0.jar;C:\Users\prath\.m2\repository\org\springframework\boot\spring-boot-starter\3.2.0\spring-boot-starter-3.2.0.jar;C:\Users\prath\.m2\repository\org\springframework\boot\spring-boot\3.2.0\spring-boot-3.2.0.jar;C:\Users\prath\.m2\repository\org\springframework\boot\spring-boot-autoconfigure\3.2.0\spring-boot-autoconfigure-3.2.0.jar;C:\Users\prath\.m2\repository\org\springframework\boot\spring-boot-starter-logging\3.2.0\spring-boot-starter-logging-3.2.0.jar;C:\Users\prath\.m2\repository\ch\qos\logback\logback-classic\1.4.11\logback-classic-1.4.11.jar;C:\Users\prath\.m2\repository\ch\qos\logback\logback-core\1.4.11\logback-core-1.4.11.jar;C:\Users\prath\.m2\repository\org\apache\logging\log4j\log4j-to-slf4j\2.21.1\log4j-to-slf4j-2.21.1.jar;C:\Users\prath\.m2\repository\org\apache\logging\log4j\log4j-api\2.21.1\log4j-api-2.21.1.jar;C:\Users\prath\.m2\repository\org\slf4j\jul-to-slf4j\2.0.9\jul-to-slf4j-2.0.9.jar;C:\Users\prath\.m2\repository\jakarta\annotation\jakarta.annotation-api\2.1.1\jakarta.annotation-api-2.1.1.jar;C:\Users\prath\.m2\repository\org\yaml\snakeyaml\2.2\snakeyaml-2.2.jar;C:\Users\prath\.m2\repository\org\mongodb\mongodb-driver-sync\4.11.1\mongodb-driver-sync-4.11.1.jar;C:\Users\prath\.m2\repository\org\mongodb\bson\4.11.1\bson-4.11.1.jar;C:\Users\prath\.m2\repository\org\mongodb\mongodb-driver-core\4.11.1\mongodb-driver-core-4.11.1.jar;C:\Users\prath\.m2\repository\org\mongodb\bson-record-codec\4.11.1\bson-record-codec-4.11.1.jar;C:\Users\prath\.m2\repository\org\springframework\data\spring-data-mongodb\4.2.0\spring-data-mongodb-4.2.0.jar;C:\Users\prath\.m2\repository\org\springframework\spring-tx\6.1.1\spring-tx-6.1.1.jar;C:\Users\prath\.m2\repository\org\springframework\spring-context\6.1.1\spring-context-6.1.1.jar;C:\Users\prath\.m2\repository\org\springframework\spring-beans\6.1.1\spring-beans-6.1.1.jar;C:\Users\prath\.m2\repository\org\springframework\spring-expression\6.1.1\spring-expression-6.1.1.jar;C:\Users\prath\.m2\repository\org\springframework\data\spring-data-commons\3.2.0\spring-data-commons-3.2.0.jar;C:\Users\prath\.m2\repository\org\slf4j\slf4j-api\2.0.9\slf4j-api-2.0.9.jar;C:\Users\prath\.m2\repository\org\springframework\boot\spring-boot-starter-validation\3.2.0\spring-boot-starter-validation-3.2.0.jar;C:\Users\prath\.m2\repository\org\apache\tomcat\embed\tomcat-embed-el\10.1.16\tomcat-embed-el-10.1.16.jar;C:\Users\prath\.m2\repository\org\hibernate\validator\hibernate-validator\8.0.1.Final\hibernate-validator-8.0.1.Final.jar;C:\Users\prath\.m2\repository\jakarta\validation\jakarta.validation-api\3.0.2\jakarta.validation-api-3.0.2.jar;C:\Users\prath\.m2\repository\org\jboss\logging\jboss-logging\3.5.3.Final\jboss-logging-3.5.3.Final.jar;C:\Users\prath\.m2\repository\com\fasterxml\classmate\1.6.0\classmate-1.6.0.jar;C:\Users\prath\.m2\repository\org\springframework\boot\spring-boot-starter-web\3.2.0\spring-boot-starter-web-3.2.0.jar;C:\Users\prath\.m2\repository\org\springframework\boot\spring-boot-starter-json\3.2.0\spring-boot-starter-json-3.2.0.jar;C:\Users\prath\.m2\repository\com\fasterxml\jackson\core\jackson-databind\2.15.3\jackson-databind-2.15.3.jar;C:\Users\prath\.m2\repository\com\fasterxml\jackson\core\jackson-annotations\2.15.3\jackson-annotations-2.15.3.jar;C:\Users\prath\.m2\repository\com\fasterxml\jackson\core\jackson-core\2.15.3\jackson-core-2.15.3.jar;C:\Users\prath\.m2\repository\com\fasterxml\jackson\datatype\jackson-datatype-jdk8\2.15.3\jackson-datatype-jdk8-2.15.3.jar;C:\Users\prath\.m2\repository\com\fasterxml\jackson\datatype\jackson-datatype-jsr310\2.15.3\jackson-datatype-jsr310-2.15.3.jar;C:\Users\prath\.m2\repository\com\fasterxml\jackson\module\jackson-module-parameter-names\2.15.3\jackson-module-parameter-names-2.15.3.jar;C:\Users\prath\.m2\repository\org\springframework\boot\spring-boot-starter-tomcat\3.2.0\spring-boot-starter-tomcat-3.2.0.jar;C:\Users\prath\.m2\repository\org\apache\tomcat\embed\tomcat-embed-core\10.1.16\tomcat-embed-core-10.1.16.jar;C:\Users\prath\.m2\repository\org\apache\tomcat\embed\tomcat-embed-websocket\10.1.16\tomcat-embed-websocket-10.1.16.jar;C:\Users\prath\.m2\repository\org\springframework\spring-web\6.1.1\spring-web-6.1.1.jar;C:\Users\prath\.m2\repository\io\micrometer\micrometer-observation\1.12.0\micrometer-observation-1.12.0.jar;C:\Users\prath\.m2\repository\io\micrometer\micrometer-commons\1.12.0\micrometer-commons-1.12.0.jar;C:\Users\prath\.m2\repository\org\springframework\spring-webmvc\6.1.1\spring-webmvc-6.1.1.jar;C:\Users\prath\.m2\repository\org\springframework\spring-aop\6.1.1\spring-aop-6.1.1.jar;C:\Users\prath\.m2\repository\org\projectlombok\lombok\1.18.30\lombok-1.18.30.jar;C:\Users\prath\.m2\repository\org\springdoc\springdoc-openapi-starter-webmvc-ui\2.3.0\springdoc-openapi-starter-webmvc-ui-2.3.0.jar;C:\Users\prath\.m2\repository\org\springdoc\springdoc-openapi-starter-webmvc-api\2.3.0\springdoc-openapi-starter-webmvc-api-2.3.0.jar;C:\Users\prath\.m2\repository\org\springdoc\springdoc-openapi-starter-common\2.3.0\springdoc-openapi-starter-common-2.3.0.jar;C:\Users\prath\.m2\repository\io\swagger\core\v3\swagger-core-jakarta\2.2.19\swagger-core-jakarta-2.2.19.jar;C:\Users\prath\.m2\repository\org\apache\commons\commons-lang3\3.13.0\commons-lang3-3.13.0.jar;C:\Users\prath\.m2\repository\io\swagger\core\v3\swagger-annotations-jakarta\2.2.19\swagger-annotations-jakarta-2.2.19.jar;C:\Users\prath\.m2\repository\io\swagger\core\v3\swagger-models-jakarta\2.2.19\swagger-models-jakarta-2.2.19.jar;C:\Users\prath\.m2\repository\com\fasterxml\jackson\dataformat\jackson-dataformat-yaml\2.15.3\jackson-dataformat-yaml-2.15.3.jar;C:\Users\prath\.m2\repository\org\webjars\swagger-ui\5.10.3\swagger-ui-5.10.3.jar;C:\Users\prath\.m2\repository\com\querydsl\querydsl-mongodb\5.0.0\querydsl-mongodb-5.0.0.jar;C:\Users\prath\.m2\repository\org\mongodb\mongo-java-driver\3.12.8\mongo-java-driver-3.12.8.jar;C:\Users\prath\.m2\repository\com\querydsl\querydsl-core\5.0.0\querydsl-core-5.0.0.jar;C:\Users\prath\.m2\repository\com\mysema\commons\mysema-commons-lang\0.2.4\mysema-commons-lang-0.2.4.jar;C:\Users\prath\.m2\repository\com\querydsl\querydsl-apt\5.0.0\querydsl-apt-5.0.0.jar;C:\Users\prath\.m2\repository\com\querydsl\querydsl-codegen\5.0.0\querydsl-codegen-5.0.0.jar;C:\Users\prath\.m2\repository\com\querydsl\codegen-utils\5.0.0\codegen-utils-5.0.0.jar;C:\Users\prath\.m2\repository\org\eclipse\jdt\ecj\3.26.0\ecj-3.26.0.jar;C:\Users\prath\.m2\repository\javax\inject\javax.inject\1\javax.inject-1.jar;C:\Users\prath\.m2\repository\io\github\classgraph\classgraph\4.8.108\classgraph-4.8.108.jar;C:\Users\prath\.m2\repository\jakarta\xml\bind\jakarta.xml.bind-api\4.0.1\jakarta.xml.bind-api-4.0.1.jar;C:\Users\prath\.m2\repository\jakarta\activation\jakarta.activation-api\2.1.2\jakarta.activation-api-2.1.2.jar;C:\Users\prath\.m2\repository\org\springframework\spring-core\6.1.1\spring-core-6.1.1.jar;C:\Users\prath\.m2\repository\org\springframework\spring-jcl\6.1.1\spring-jcl-6.1.1.jar
Launcher Type: SUN_STANDARD

[Global flags]
     intx CICompilerCount                          = 12                                        {product} {ergonomic}
     uint ConcGCThreads                            = 4                                         {product} {ergonomic}
     uint G1ConcRefinementThreads                  = 15                                        {product} {ergonomic}
   size_t G1HeapRegionSize                         = 4194304                                   {product} {ergonomic}
    uintx GCDrainStackTargetSize                   = 64                                        {product} {ergonomic}
   size_t InitialHeapSize                          = 532676608                                 {product} {ergonomic}
     bool ManagementServer                         = true                                      {product} {command line}
   size_t MarkStackSize                            = 4194304                                   {product} {ergonomic}
   size_t MaxHeapSize                              = 8493465600                                {product} {ergonomic}
   size_t MaxNewSize                               = 5096079360                                {product} {ergonomic}
   size_t MinHeapDeltaBytes                        = 4194304                                   {product} {ergonomic}
   size_t MinHeapSize                              = 8388608                                   {product} {ergonomic}
    uintx NonNMethodCodeHeapSize                   = 4096                                   {pd product} {ergonomic}
    uintx NonProfiledCodeHeapSize                  = 0                                      {pd product} {ergonomic}
     bool ProfileInterpreter                       = false                                  {pd product} {command line}
    uintx ProfiledCodeHeapSize                     = 0                                      {pd product} {ergonomic}
   size_t SoftMaxHeapSize                          = 8493465600                             {manageable} {ergonomic}
     intx TieredStopAtLevel                        = 1                                         {product} {command line}
     bool UseCompressedOops                        = true                           {product lp64_product} {ergonomic}
     bool UseG1GC                                  = true                                      {product} {ergonomic}
     bool UseLargePagesIndividualAllocation        = false                                  {pd product} {ergonomic}

Logging:
Log output configuration:
 #0: stdout all=warning uptime,level,tags foldmultilines=false
 #1: stderr all=off uptime,level,tags foldmultilines=false

Environment Variables:
PATH=C:\Program Files\Python312\Scripts\;C:\Program Files\Python312\;C:\Program Files\Common Files\Oracle\Java\javapath;C:\Windows\system32;C:\Windows;C:\Windows\System32\Wbem;C:\Windows\System32\WindowsPowerShell\v1.0\;C:\Windows\System32\OpenSSH\;C:\Program Files (x86)\NVIDIA Corporation\PhysX\Common;C:\Program Files\NVIDIA Corporation\NVIDIA NvDLISR;C:\Program Files\dotnet\;C:\Program Files\Java\jdk-21\bin;C:\Program Files\Apache\apache-maven-3.9.5\bin;C:\Program Files\Git\cmd;C:\Program Files\Docker\Docker\resources\bin;C:\Program Files\Git\bin;C:\Program Files\Curl\bin;C:\Program Files\MySQL\MySQL Server 8.0\bin;C:\Program Files\MongoDB\Server\7.0\bin;C:\Program Files\nodejs\;C:\ProgramData\chocolatey\bin;C:\Program Files\MySQL\MySQL Shell 8.0\bin\;C:\Users\prath\AppData\Local\Programs\Python\Launcher\;C:\Users\prath\AppData\Local\Microsoft\WindowsApps;C:\Users\prath\AppData\Local\Programs\Microsoft VS Code\bin;C:\Program Files\Java\jdk-21.0.1\bin;C:\Users\prath\AppData\Roaming\Python\Python312\Scripts\;C:\Users\prath\ffmpeg\bin;C:\Users\prath\AppData\Roaming\npm;C:\Users\prath\AppData\Local\Programs\mongosh\
USERNAME=prath
OS=Windows_NT
PROCESSOR_IDENTIFIER=Intel64 Family 6 Model 154 Stepping 3, GenuineIntel
TMP=C:\Users\prath\AppData\Local\Temp
TEMP=C:\Users\prath\AppData\Local\Temp




Periodic native trim disabled

---------------  S Y S T E M  ---------------

OS:
 Windows 11 , 64 bit Build 22621 (10.0.22621.2506)
OS uptime: 4 days 19:42 hours
Hyper-V role detected

CPU: total 20 (initial active 20) (10 cores per cpu, 2 threads per core) family 6 model 154 stepping 3 microcode 0x423, cx8, cmov, fxsr, ht, mmx, 3dnowpref, sse, sse2, sse3, ssse3, sse4.1, sse4.2, popcnt, lzcnt, tsc, tscinvbit, avx, avx2, aes, erms, clmul, bmi1, bmi2, adx, sha, fma, vzeroupper, clflush, clflushopt, clwb, hv, serialize, rdtscp, rdpid, fsrm, f16c, cet_ibt, cet_ss
Processor Information for processor 0
  Max Mhz: 2300, Current Mhz: 2300, Mhz Limit: 2300
Processor Information for processor 1
  Max Mhz: 2300, Current Mhz: 2300, Mhz Limit: 2300
Processor Information for processor 2
  Max Mhz: 2300, Current Mhz: 2300, Mhz Limit: 2300
Processor Information for processor 3
  Max Mhz: 2300, Current Mhz: 2300, Mhz Limit: 2300
Processor Information for processor 4
  Max Mhz: 2300, Current Mhz: 2300, Mhz Limit: 2300
Processor Information for processor 5
  Max Mhz: 2300, Current Mhz: 2300, Mhz Limit: 2300
Processor Information for processor 6
  Max Mhz: 2300, Current Mhz: 2300, Mhz Limit: 2300
Processor Information for processor 7
  Max Mhz: 2300, Current Mhz: 2300, Mhz Limit: 2300
Processor Information for processor 8
  Max Mhz: 2300, Current Mhz: 2300, Mhz Limit: 2300
Processor Information for processor 9
  Max Mhz: 2300, Current Mhz: 2300, Mhz Limit: 2300
Processor Information for processor 10
  Max Mhz: 2300, Current Mhz: 2300, Mhz Limit: 2300
Processor Information for processor 11
  Max Mhz: 2300, Current Mhz: 1506, Mhz Limit: 2300
Processor Information for processor 12
  Max Mhz: 2300, Current Mhz: 2300, Mhz Limit: 2300
Processor Information for processor 13
  Max Mhz: 2300, Current Mhz: 2300, Mhz Limit: 2300
Processor Information for processor 14
  Max Mhz: 2300, Current Mhz: 2300, Mhz Limit: 2300
Processor Information for processor 15
  Max Mhz: 2300, Current Mhz: 2300, Mhz Limit: 2300
Processor Information for processor 16
  Max Mhz: 2300, Current Mhz: 2300, Mhz Limit: 2300
Processor Information for processor 17
  Max Mhz: 2300, Current Mhz: 2300, Mhz Limit: 2300
Processor Information for processor 18
  Max Mhz: 2300, Current Mhz: 2300, Mhz Limit: 2300
Processor Information for processor 19
  Max Mhz: 2300, Current Mhz: 2300, Mhz Limit: 2300

Memory: 4k page, system-wide physical 32388M (2955M free)
TotalPageFile size 60568M (AvailPageFile size 8M)
current process WorkingSet (physical memory assigned to process): 90M, peak: 90M
current process commit charge ("private bytes"): 632M, peak: 632M

vm_info: Java HotSpot(TM) 64-Bit Server VM (21.0.1+12-LTS-29) for windows-amd64 JRE (21.0.1+12-LTS-29), built on 2023-10-05T13:27:09Z by "mach5one" with MS VC++ 17.1 (VS2022)

END.
